Using pre-set license
Built from '2021.3/staging' branch; Version is '2021.3.23f1 (213b516bf396) revision 2177873'; Using compiler version '192829333'; Build Type 'Release'
OS: 'Windows 11  (10.0.22000) 64bit Core' Language: 'en' Physical Memory: 32405 MB
BatchMode: 1, IsHumanControllingUs: 0, StartBugReporterOnCrash: 0, Is64bit: 1, IsPro: 1

COMMAND LINE ARGUMENTS:
C:\Program Files\Unity\Hub\Editor\2021.3.23f1\Editor\Unity.exe
-adb2
-batchMode
-noUpm
-name
AssetImportWorker6
-projectPath
C:/Users/USER/Documents/GitHub/TP_MP/TP_MP
-logFile
Logs/AssetImportWorker6.log
-srvPort
63522
Successfully changed project path to: C:/Users/USER/Documents/GitHub/TP_MP/TP_MP
C:/Users/USER/Documents/GitHub/TP_MP/TP_MP
[UnityMemory] Configuration Parameters - Can be set up in boot.config
    "memorysetup-bucket-allocator-granularity=16"
    "memorysetup-bucket-allocator-bucket-count=8"
    "memorysetup-bucket-allocator-block-size=33554432"
    "memorysetup-bucket-allocator-block-count=8"
    "memorysetup-main-allocator-block-size=16777216"
    "memorysetup-thread-allocator-block-size=16777216"
    "memorysetup-gfx-main-allocator-block-size=16777216"
    "memorysetup-gfx-thread-allocator-block-size=16777216"
    "memorysetup-cache-allocator-block-size=4194304"
    "memorysetup-typetree-allocator-block-size=2097152"
    "memorysetup-profiler-bucket-allocator-granularity=16"
    "memorysetup-profiler-bucket-allocator-bucket-count=8"
    "memorysetup-profiler-bucket-allocator-block-size=33554432"
    "memorysetup-profiler-bucket-allocator-block-count=8"
    "memorysetup-profiler-allocator-block-size=16777216"
    "memorysetup-profiler-editor-allocator-block-size=1048576"
    "memorysetup-temp-allocator-size-main=16777216"
    "memorysetup-job-temp-allocator-block-size=2097152"
    "memorysetup-job-temp-allocator-block-size-background=1048576"
    "memorysetup-job-temp-allocator-reduction-small-platforms=262144"
    "memorysetup-temp-allocator-size-background-worker=32768"
    "memorysetup-temp-allocator-size-job-worker=262144"
    "memorysetup-temp-allocator-size-preload-manager=33554432"
    "memorysetup-temp-allocator-size-nav-mesh-worker=65536"
    "memorysetup-temp-allocator-size-audio-worker=65536"
    "memorysetup-temp-allocator-size-cloud-worker=32768"
    "memorysetup-temp-allocator-size-gi-baking-worker=262144"
    "memorysetup-temp-allocator-size-gfx=262144"
Player connection [9388] Host "[IP] 172.30.27.169 [Port] 0 [Flags] 2 [Guid] 304740475 [EditorId] 304740475 [Version] 1048832 [Id] WindowsEditor(7,LAPTOP-1AIKDIT4) [Debug] 1 [PackageName] WindowsEditor [ProjectName] Editor" joined multi-casting on [225.0.0.222:54997]...

Player connection [9388] Host "[IP] 172.30.27.169 [Port] 0 [Flags] 2 [Guid] 304740475 [EditorId] 304740475 [Version] 1048832 [Id] WindowsEditor(7,LAPTOP-1AIKDIT4) [Debug] 1 [PackageName] WindowsEditor [ProjectName] Editor" joined alternative multi-casting on [225.0.0.222:34997]...

Refreshing native plugins compatible for Editor in 94.79 ms, found 3 plugins.
Preloading 0 native plugins for Editor in 0.00 ms.
Initialize engine version: 2021.3.23f1 (213b516bf396)
[Subsystems] Discovering subsystems at path C:/Program Files/Unity/Hub/Editor/2021.3.23f1/Editor/Data/Resources/UnitySubsystems
[Subsystems] Discovering subsystems at path C:/Users/USER/Documents/GitHub/TP_MP/TP_MP/Assets
GfxDevice: creating device client; threaded=0; jobified=0
Direct3D:
    Version:  Direct3D 11.0 [level 11.1]
    Renderer: NVIDIA GeForce RTX 3060 Laptop GPU (ID=0x2520)
    Vendor:   NVIDIA
    VRAM:     6009 MB
    Driver:   31.0.15.2878
Initialize mono
Mono path[0] = 'C:/Program Files/Unity/Hub/Editor/2021.3.23f1/Editor/Data/Managed'
Mono path[1] = 'C:/Program Files/Unity/Hub/Editor/2021.3.23f1/Editor/Data/MonoBleedingEdge/lib/mono/unityjit-win32'
Mono config path = 'C:/Program Files/Unity/Hub/Editor/2021.3.23f1/Editor/Data/MonoBleedingEdge/etc'
Using monoOptions --debugger-agent=transport=dt_socket,embedding=1,server=y,suspend=n,address=127.0.0.1:56364
Begin MonoManager ReloadAssembly
Registering precompiled unity dll's ...
Register platform support module: C:/Program Files/Unity/Hub/Editor/2021.3.23f1/Editor/Data/PlaybackEngines/AndroidPlayer/UnityEditor.Android.Extensions.dll
Register platform support module: C:/Program Files/Unity/Hub/Editor/2021.3.23f1/Editor/Data/PlaybackEngines/WindowsStandaloneSupport/UnityEditor.WindowsStandalone.Extensions.dll
Registered in 0.003455 seconds.
Native extension for WindowsStandalone target not found
Native extension for Android target not found
Android Extension - Scanning For ADB Devices 186 ms
Refreshing native plugins compatible for Editor in 66.44 ms, found 3 plugins.
Preloading 0 native plugins for Editor in 0.00 ms.
Mono: successfully reloaded assembly
- Completed reload, in  0.706 seconds
Domain Reload Profiling:
	ReloadAssembly (707ms)
		BeginReloadAssembly (63ms)
			ExecutionOrderSort (0ms)
			DisableScriptedObjects (0ms)
			BackupInstance (0ms)
			ReleaseScriptingObjects (0ms)
			CreateAndSetChildDomain (1ms)
		EndReloadAssembly (563ms)
			LoadAssemblies (61ms)
			RebuildTransferFunctionScriptingTraits (0ms)
			SetupTypeCache (86ms)
			ReleaseScriptCaches (0ms)
			RebuildScriptCaches (26ms)
			SetupLoadedEditorAssemblies (410ms)
				LogAssemblyErrors (0ms)
				InitializePlatformSupportModulesInManaged (240ms)
				SetLoadedEditorAssemblies (0ms)
				RefreshPlugins (67ms)
				BeforeProcessingInitializeOnLoad (1ms)
				ProcessInitializeOnLoadAttributes (69ms)
				ProcessInitializeOnLoadMethodAttributes (33ms)
				AfterProcessingInitializeOnLoad (0ms)
				EditorAssembliesLoaded (0ms)
			ExecutionOrderSort2 (0ms)
			AwakeInstancesAfterBackupRestoration (0ms)
Platform modules already initialized, skipping
Registering precompiled user dll's ...
Registered in 0.004117 seconds.
Begin MonoManager ReloadAssembly
Symbol file LoadedFromMemory doesn't match image C:\Users\USER\Documents\GitHub\TP_MP\TP_MP\Library\PackageCache\com.unity.visualscripting@1.8.0\Editor\VisualScripting.Core\Dependencies\YamlDotNet\Unity.VisualScripting.YamlDotNet.dll
Symbol file LoadedFromMemory doesn't match image C:\Users\USER\Documents\GitHub\TP_MP\TP_MP\Library\PackageCache\com.unity.visualscripting@1.8.0\Editor\VisualScripting.Core\Dependencies\DotNetZip\Unity.VisualScripting.IonicZip.dll
Native extension for WindowsStandalone target not found
Native extension for Android target not found
Refreshing native plugins compatible for Editor in 67.09 ms, found 3 plugins.
Preloading 0 native plugins for Editor in 0.00 ms.
Mono: successfully reloaded assembly
- Completed reload, in  0.918 seconds
Domain Reload Profiling:
	ReloadAssembly (919ms)
		BeginReloadAssembly (98ms)
			ExecutionOrderSort (0ms)
			DisableScriptedObjects (5ms)
			BackupInstance (0ms)
			ReleaseScriptingObjects (0ms)
			CreateAndSetChildDomain (21ms)
		EndReloadAssembly (740ms)
			LoadAssemblies (71ms)
			RebuildTransferFunctionScriptingTraits (0ms)
			SetupTypeCache (215ms)
			ReleaseScriptCaches (1ms)
			RebuildScriptCaches (39ms)
			SetupLoadedEditorAssemblies (386ms)
				LogAssemblyErrors (0ms)
				InitializePlatformSupportModulesInManaged (12ms)
				SetLoadedEditorAssemblies (0ms)
				RefreshPlugins (67ms)
				BeforeProcessingInitializeOnLoad (62ms)
				ProcessInitializeOnLoadAttributes (227ms)
				ProcessInitializeOnLoadMethodAttributes (12ms)
				AfterProcessingInitializeOnLoad (4ms)
				EditorAssembliesLoaded (0ms)
			ExecutionOrderSort2 (0ms)
			AwakeInstancesAfterBackupRestoration (4ms)
Platform modules already initialized, skipping
========================================================================
Worker process is ready to serve import requests
Launched and connected shader compiler UnityShaderCompiler.exe after 0.03 seconds
Refreshing native plugins compatible for Editor in 0.66 ms, found 3 plugins.
Preloading 0 native plugins for Editor in 0.00 ms.
Unloading 3520 Unused Serialized files (Serialized files now loaded: 0)
Unloading 34 unused Assets / (0.6 MB). Loaded Objects now: 3989.
Memory consumption went from 132.7 MB to 132.1 MB.
Total: 2.841600 ms (FindLiveObjects: 0.220900 ms CreateObjectMapping: 0.079700 ms MarkObjects: 2.250800 ms  DeleteObjects: 0.289500 ms)

AssetImportParameters requested are different than current active one (requested -> active):
  custom:video-decoder-ogg-theora: a1e56fd34408186e4bbccfd4996cb3dc -> 
  custom:container-muxer-webm: aa71ff27fc2769a1b78a27578f13a17b -> 
  custom:container-demuxer-webm: 4f35f7cbe854078d1ac9338744f61a02 -> 
  custom:video-encoder-webm-vp8: eb34c28f22e8b96e1ab97ce403110664 -> 
  custom:video-codec-MediaFoundation-h265: 746d11721c4dcdbdad8f713fa42b33f4 -> 
  custom:audio-encoder-webm-vorbis: bf7c407c2cedff20999df2af8eb42d56 -> 
  custom:framework-win-MediaFoundation: 216162199b28c13a410421893ffa2e32 -> 
  custom:container-demuxer-ogg: 62fdf1f143b41e24485cea50d1cbac27 -> 
  custom:video-decoder-webm-vp8: 9c59270c3fd7afecdb556c50c9e8de78 -> 
  custom:audio-decoder-ogg-vorbis: bf7c407c2cedff20999df2af8eb42d56 -> 
========================================================================
Received Import Request.
  Time since last request: 16107.008668 seconds.
  path: Assets/Imported Assets/RPGMonsterBuddiesPBRPA/Animation/Cactus/Cactus_IdlePlantToBattle.fbx
  artifactKey: Guid(d00ebea21de94808a69db1557187ad0b) Importer(815301076,1909f56bfc062723c751e8b465ee728b)
Start importing Assets/Imported Assets/RPGMonsterBuddiesPBRPA/Animation/Cactus/Cactus_IdlePlantToBattle.fbx using Guid(d00ebea21de94808a69db1557187ad0b) Importer(815301076,1909f56bfc062723c751e8b465ee728b)  -> (artifact id: '3692b517b9ae414ab3d667921637eca5') in 0.159531 seconds 
========================================================================
Received Import Request.
  Time since last request: 0.000095 seconds.
  path: Assets/Imported Assets/Modular Castle/Assets/prefabs2/candles.prefab
  artifactKey: Guid(cfd933ac2c858574ba335dccf8a2f6c0) Importer(815301076,1909f56bfc062723c751e8b465ee728b)
Start importing Assets/Imported Assets/Modular Castle/Assets/prefabs2/candles.prefab using Guid(cfd933ac2c858574ba335dccf8a2f6c0) Importer(815301076,1909f56bfc062723c751e8b465ee728b)  -> (artifact id: 'cab4a32c2cd150a4589a8f499937f839') in 0.078094 seconds 
========================================================================
Received Import Request.
  Time since last request: 0.000087 seconds.
  path: Assets/Imported Assets/Modular Castle/Assets/prefabs/candle3.prefab
  artifactKey: Guid(635c0c417a0e8354ab3fbaf97c4820db) Importer(815301076,1909f56bfc062723c751e8b465ee728b)
Start importing Assets/Imported Assets/Modular Castle/Assets/prefabs/candle3.prefab using Guid(635c0c417a0e8354ab3fbaf97c4820db) Importer(815301076,1909f56bfc062723c751e8b465ee728b)  -> (artifact id: '10fdb795a09b4cee71bcb123436fa4d3') in 0.034123 seconds 
========================================================================
Received Import Request.
  Time since last request: 113.806575 seconds.
  path: Assets/Imported Assets/DogKnight/Animations/Ch10_nonPBR@Mutant Jumping.fbx
  artifactKey: Guid(9d8a69f63fc515341b2f634ee15abd5e) Importer(815301076,1909f56bfc062723c751e8b465ee728b)
Start importing Assets/Imported Assets/DogKnight/Animations/Ch10_nonPBR@Mutant Jumping.fbx using Guid(9d8a69f63fc515341b2f634ee15abd5e) Importer(815301076,1909f56bfc062723c751e8b465ee728b)  -> (artifact id: 'a32ca67f28f5409aa85ce7acc420952b') in 0.036554 seconds 
========================================================================
Received Import Request.
  Time since last request: 0.566251 seconds.
  path: Assets/Imported Assets/DogKnight/Animations/Dizzy.anim
  artifactKey: Guid(30d4fe7af77240a44b9354aaed8e5beb) Importer(815301076,1909f56bfc062723c751e8b465ee728b)
Start importing Assets/Imported Assets/DogKnight/Animations/Dizzy.anim using Guid(30d4fe7af77240a44b9354aaed8e5beb) Importer(815301076,1909f56bfc062723c751e8b465ee728b)  -> (artifact id: '239b9bfb3f2fc5b70bb8beffa7776799') in 0.024296 seconds 
========================================================================
Received Import Request.
  Time since last request: 22.365432 seconds.
  path: Assets/Imported Assets/RPGMonsterBuddiesPBRPA/Mesh/CactusMeshPA.fbx
  artifactKey: Guid(7d44b7ac60d92844caab9b6377f0d373) Importer(815301076,1909f56bfc062723c751e8b465ee728b)
Start importing Assets/Imported Assets/RPGMonsterBuddiesPBRPA/Mesh/CactusMeshPA.fbx using Guid(7d44b7ac60d92844caab9b6377f0d373) Importer(815301076,1909f56bfc062723c751e8b465ee728b)  -> (artifact id: 'd044631b9061b58e19f680a71038f70d') in 0.029490 seconds 
========================================================================
Received Import Request.
  Time since last request: 0.000020 seconds.
  path: Assets/Imported Assets/Meshtint Free Chicken Mega Toon Series/FBX/Toon Chicken@Eat.FBX
  artifactKey: Guid(40880eeba3ef1d943b22f7b445e502d9) Importer(815301076,1909f56bfc062723c751e8b465ee728b)
Start importing Assets/Imported Assets/Meshtint Free Chicken Mega Toon Series/FBX/Toon Chicken@Eat.FBX using Guid(40880eeba3ef1d943b22f7b445e502d9) Importer(815301076,1909f56bfc062723c751e8b465ee728b)  -> (artifact id: '25fed58cd9691fdac4a10f7c245e2a67') in 0.033246 seconds 
========================================================================
Received Import Request.
  Time since last request: 0.000017 seconds.
  path: Assets/Imported Assets/RPGMonsterBuddiesPBRPA/Mesh/MushroomMeshPBR.fbx
  artifactKey: Guid(a736566565a0467eb2ba23a7007ba560) Importer(815301076,1909f56bfc062723c751e8b465ee728b)
Start importing Assets/Imported Assets/RPGMonsterBuddiesPBRPA/Mesh/MushroomMeshPBR.fbx using Guid(a736566565a0467eb2ba23a7007ba560) Importer(815301076,1909f56bfc062723c751e8b465ee728b)  -> (artifact id: '4f52834af0752e512cb15f891b6352ef') in 0.032114 seconds 
========================================================================
Received Import Request.
  Time since last request: 0.000019 seconds.
  path: Assets/Imported Assets/Meshtint Free Chicken Mega Toon Series/FBX/Toon Chicken@Walk W Root.FBX
  artifactKey: Guid(9daf622be675b864ca009e73347d95f3) Importer(815301076,1909f56bfc062723c751e8b465ee728b)
Start importing Assets/Imported Assets/Meshtint Free Chicken Mega Toon Series/FBX/Toon Chicken@Walk W Root.FBX using Guid(9daf622be675b864ca009e73347d95f3) Importer(815301076,1909f56bfc062723c751e8b465ee728b)  -> (artifact id: '45e55b84ada0efefd08d57345aab37c4') in 0.027310 seconds 
========================================================================
Received Import Request.
  Time since last request: 0.000041 seconds.
  path: Assets/Imported Assets/Meshtint Free Chicken Mega Toon Series/FBX/Toon Chicken@Run W Root.FBX
  artifactKey: Guid(d279d6200c85ac140aa9c93ce39f4ad4) Importer(815301076,1909f56bfc062723c751e8b465ee728b)
Start importing Assets/Imported Assets/Meshtint Free Chicken Mega Toon Series/FBX/Toon Chicken@Run W Root.FBX using Guid(d279d6200c85ac140aa9c93ce39f4ad4) Importer(815301076,1909f56bfc062723c751e8b465ee728b)  -> (artifact id: 'd87dba5d294cfbe85365792872938bb9') in 0.030892 seconds 
========================================================================
Received Import Request.
  Time since last request: 0.000018 seconds.
  path: Assets/Imported Assets/Meshtint Free Chicken Mega Toon Series/FBX/Toon Chicken@Walk In Place.FBX
  artifactKey: Guid(01ad6942c5071ee4dbe84fa59bb44e44) Importer(815301076,1909f56bfc062723c751e8b465ee728b)
Start importing Assets/Imported Assets/Meshtint Free Chicken Mega Toon Series/FBX/Toon Chicken@Walk In Place.FBX using Guid(01ad6942c5071ee4dbe84fa59bb44e44) Importer(815301076,1909f56bfc062723c751e8b465ee728b)  -> (artifact id: '76050acd19c9eb770aee3f4ba2f54528') in 0.027282 seconds 
========================================================================
Received Import Request.
  Time since last request: 0.000020 seconds.
  path: Assets/Imported Assets/Meshtint Free Chicken Mega Toon Series/FBX/Toon Chicken@Turn Head.FBX
  artifactKey: Guid(863ab454f80da6f4e9a86cfebbb3a15d) Importer(815301076,1909f56bfc062723c751e8b465ee728b)
Start importing Assets/Imported Assets/Meshtint Free Chicken Mega Toon Series/FBX/Toon Chicken@Turn Head.FBX using Guid(863ab454f80da6f4e9a86cfebbb3a15d) Importer(815301076,1909f56bfc062723c751e8b465ee728b)  -> (artifact id: '9ae88693f4445e6a761d0fc7a103af69') in 0.024985 seconds 
========================================================================
Received Import Request.
  Time since last request: 5.244522 seconds.
  path: Assets/Imported Assets/DogKnight/Animations/Ch10_nonPBR@Mutant Jumping.fbx
  artifactKey: Guid(9d8a69f63fc515341b2f634ee15abd5e) Importer(815301076,1909f56bfc062723c751e8b465ee728b)
Start importing Assets/Imported Assets/DogKnight/Animations/Ch10_nonPBR@Mutant Jumping.fbx using Guid(9d8a69f63fc515341b2f634ee15abd5e) Importer(815301076,1909f56bfc062723c751e8b465ee728b)  -> (artifact id: 'ccdcce0c7fec26c699303ee223852916') in 0.004450 seconds 
========================================================================
Received Import Request.
  Time since last request: 14.332807 seconds.
  path: Assets/Imported Assets/DogKnight/Animations/Ch10_nonPBR@Mutant Jumping.fbx
  artifactKey: Guid(9d8a69f63fc515341b2f634ee15abd5e) Importer(815301076,1909f56bfc062723c751e8b465ee728b)
Start importing Assets/Imported Assets/DogKnight/Animations/Ch10_nonPBR@Mutant Jumping.fbx using Guid(9d8a69f63fc515341b2f634ee15abd5e) Importer(815301076,1909f56bfc062723c751e8b465ee728b)  -> (artifact id: '8e03fe7b1348f16e5e4dee02941c223f') in 0.004976 seconds 
========================================================================
Received Import Request.
  Time since last request: 53.443803 seconds.
  path: Assets/Imported Assets/DogKnight/Animations/Ch10_nonPBR@Jumping.fbx
  artifactKey: Guid(a20c461e30da766478e13e1e3ed12806) Importer(815301076,1909f56bfc062723c751e8b465ee728b)
Start importing Assets/Imported Assets/DogKnight/Animations/Ch10_nonPBR@Jumping.fbx using Guid(a20c461e30da766478e13e1e3ed12806) Importer(815301076,1909f56bfc062723c751e8b465ee728b)  -> (artifact id: 'c8856e3113a3e7aaabdef3288c963507') in 0.004573 seconds 
========================================================================
Received Import Request.
  Time since last request: 8.627425 seconds.
  path: Assets/Imported Assets/DogKnight/Animations/Ch10_nonPBR@Jumping.fbx
  artifactKey: Guid(a20c461e30da766478e13e1e3ed12806) Importer(815301076,1909f56bfc062723c751e8b465ee728b)
Start importing Assets/Imported Assets/DogKnight/Animations/Ch10_nonPBR@Jumping.fbx using Guid(a20c461e30da766478e13e1e3ed12806) Importer(815301076,1909f56bfc062723c751e8b465ee728b)  -> (artifact id: '714543ddab0905ef0e4862cb5e7e37a6') in 0.005008 seconds 
========================================================================
Received Import Request.
  Time since last request: 2.555285 seconds.
  path: Assets/Imported Assets/DogKnight/Animations/Ch10_nonPBR@Jumping.fbx
  artifactKey: Guid(a20c461e30da766478e13e1e3ed12806) Importer(815301076,1909f56bfc062723c751e8b465ee728b)
Start importing Assets/Imported Assets/DogKnight/Animations/Ch10_nonPBR@Jumping.fbx using Guid(a20c461e30da766478e13e1e3ed12806) Importer(815301076,1909f56bfc062723c751e8b465ee728b)  -> (artifact id: '77791178ba953bb843d3495890fc10c3') in 0.004188 seconds 
