Using pre-set license
Built from '2021.3/staging' branch; Version is '2021.3.23f1 (213b516bf396) revision 2177873'; Using compiler version '192829333'; Build Type 'Release'
OS: 'Windows 11  (10.0.22000) 64bit Core' Language: 'en' Physical Memory: 32405 MB
BatchMode: 1, IsHumanControllingUs: 0, StartBugReporterOnCrash: 0, Is64bit: 1, IsPro: 1

COMMAND LINE ARGUMENTS:
C:\Program Files\Unity\Hub\Editor\2021.3.23f1\Editor\Unity.exe
-adb2
-batchMode
-noUpm
-name
AssetImportWorker4
-projectPath
C:/Users/USER/Documents/GitHub/TP_MP/TP_MP
-logFile
Logs/AssetImportWorker4.log
-srvPort
50826
Successfully changed project path to: C:/Users/USER/Documents/GitHub/TP_MP/TP_MP
C:/Users/USER/Documents/GitHub/TP_MP/TP_MP
[UnityMemory] Configuration Parameters - Can be set up in boot.config
    "memorysetup-bucket-allocator-granularity=16"
    "memorysetup-bucket-allocator-bucket-count=8"
    "memorysetup-bucket-allocator-block-size=33554432"
    "memorysetup-bucket-allocator-block-count=8"
    "memorysetup-main-allocator-block-size=16777216"
    "memorysetup-thread-allocator-block-size=16777216"
    "memorysetup-gfx-main-allocator-block-size=16777216"
    "memorysetup-gfx-thread-allocator-block-size=16777216"
    "memorysetup-cache-allocator-block-size=4194304"
    "memorysetup-typetree-allocator-block-size=2097152"
    "memorysetup-profiler-bucket-allocator-granularity=16"
    "memorysetup-profiler-bucket-allocator-bucket-count=8"
    "memorysetup-profiler-bucket-allocator-block-size=33554432"
    "memorysetup-profiler-bucket-allocator-block-count=8"
    "memorysetup-profiler-allocator-block-size=16777216"
    "memorysetup-profiler-editor-allocator-block-size=1048576"
    "memorysetup-temp-allocator-size-main=16777216"
    "memorysetup-job-temp-allocator-block-size=2097152"
    "memorysetup-job-temp-allocator-block-size-background=1048576"
    "memorysetup-job-temp-allocator-reduction-small-platforms=262144"
    "memorysetup-temp-allocator-size-background-worker=32768"
    "memorysetup-temp-allocator-size-job-worker=262144"
    "memorysetup-temp-allocator-size-preload-manager=33554432"
    "memorysetup-temp-allocator-size-nav-mesh-worker=65536"
    "memorysetup-temp-allocator-size-audio-worker=65536"
    "memorysetup-temp-allocator-size-cloud-worker=32768"
    "memorysetup-temp-allocator-size-gi-baking-worker=262144"
    "memorysetup-temp-allocator-size-gfx=262144"
Player connection [28124] Host "[IP] 172.30.27.169 [Port] 0 [Flags] 2 [Guid] 1226661345 [EditorId] 1226661345 [Version] 1048832 [Id] WindowsEditor(7,LAPTOP-1AIKDIT4) [Debug] 1 [PackageName] WindowsEditor [ProjectName] Editor" joined multi-casting on [225.0.0.222:54997]...

Player connection [28124] Host "[IP] 172.30.27.169 [Port] 0 [Flags] 2 [Guid] 1226661345 [EditorId] 1226661345 [Version] 1048832 [Id] WindowsEditor(7,LAPTOP-1AIKDIT4) [Debug] 1 [PackageName] WindowsEditor [ProjectName] Editor" joined alternative multi-casting on [225.0.0.222:34997]...

Refreshing native plugins compatible for Editor in 99.87 ms, found 3 plugins.
Preloading 0 native plugins for Editor in 0.00 ms.
Initialize engine version: 2021.3.23f1 (213b516bf396)
[Subsystems] Discovering subsystems at path C:/Program Files/Unity/Hub/Editor/2021.3.23f1/Editor/Data/Resources/UnitySubsystems
[Subsystems] Discovering subsystems at path C:/Users/USER/Documents/GitHub/TP_MP/TP_MP/Assets
GfxDevice: creating device client; threaded=0; jobified=0
Direct3D:
    Version:  Direct3D 11.0 [level 11.1]
    Renderer: NVIDIA GeForce RTX 3060 Laptop GPU (ID=0x2520)
    Vendor:   NVIDIA
    VRAM:     6009 MB
    Driver:   31.0.15.2878
Initialize mono
Mono path[0] = 'C:/Program Files/Unity/Hub/Editor/2021.3.23f1/Editor/Data/Managed'
Mono path[1] = 'C:/Program Files/Unity/Hub/Editor/2021.3.23f1/Editor/Data/MonoBleedingEdge/lib/mono/unityjit-win32'
Mono config path = 'C:/Program Files/Unity/Hub/Editor/2021.3.23f1/Editor/Data/MonoBleedingEdge/etc'
Using monoOptions --debugger-agent=transport=dt_socket,embedding=1,server=y,suspend=n,address=127.0.0.1:56788
Begin MonoManager ReloadAssembly
Registering precompiled unity dll's ...
Register platform support module: C:/Program Files/Unity/Hub/Editor/2021.3.23f1/Editor/Data/PlaybackEngines/AndroidPlayer/UnityEditor.Android.Extensions.dll
Register platform support module: C:/Program Files/Unity/Hub/Editor/2021.3.23f1/Editor/Data/PlaybackEngines/WindowsStandaloneSupport/UnityEditor.WindowsStandalone.Extensions.dll
Registered in 0.004125 seconds.
Native extension for WindowsStandalone target not found
Native extension for Android target not found
Android Extension - Scanning For ADB Devices 231 ms
Refreshing native plugins compatible for Editor in 80.84 ms, found 3 plugins.
Preloading 0 native plugins for Editor in 0.00 ms.
Mono: successfully reloaded assembly
- Completed reload, in  0.861 seconds
Domain Reload Profiling:
	ReloadAssembly (861ms)
		BeginReloadAssembly (107ms)
			ExecutionOrderSort (0ms)
			DisableScriptedObjects (0ms)
			BackupInstance (0ms)
			ReleaseScriptingObjects (0ms)
			CreateAndSetChildDomain (1ms)
		EndReloadAssembly (650ms)
			LoadAssemblies (104ms)
			RebuildTransferFunctionScriptingTraits (0ms)
			SetupTypeCache (94ms)
			ReleaseScriptCaches (0ms)
			RebuildScriptCaches (35ms)
			SetupLoadedEditorAssemblies (475ms)
				LogAssemblyErrors (0ms)
				InitializePlatformSupportModulesInManaged (284ms)
				SetLoadedEditorAssemblies (0ms)
				RefreshPlugins (81ms)
				BeforeProcessingInitializeOnLoad (1ms)
				ProcessInitializeOnLoadAttributes (73ms)
				ProcessInitializeOnLoadMethodAttributes (35ms)
				AfterProcessingInitializeOnLoad (0ms)
				EditorAssembliesLoaded (0ms)
			ExecutionOrderSort2 (0ms)
			AwakeInstancesAfterBackupRestoration (0ms)
Platform modules already initialized, skipping
Registering precompiled user dll's ...
Registered in 0.004314 seconds.
Begin MonoManager ReloadAssembly
Symbol file LoadedFromMemory doesn't match image C:\Users\USER\Documents\GitHub\TP_MP\TP_MP\Library\PackageCache\com.unity.visualscripting@1.8.0\Editor\VisualScripting.Core\Dependencies\YamlDotNet\Unity.VisualScripting.YamlDotNet.dll
Symbol file LoadedFromMemory doesn't match image C:\Users\USER\Documents\GitHub\TP_MP\TP_MP\Library\PackageCache\com.unity.visualscripting@1.8.0\Editor\VisualScripting.Core\Dependencies\DotNetZip\Unity.VisualScripting.IonicZip.dll
Native extension for WindowsStandalone target not found
Native extension for Android target not found
Refreshing native plugins compatible for Editor in 73.83 ms, found 3 plugins.
Preloading 0 native plugins for Editor in 0.00 ms.
Mono: successfully reloaded assembly
- Completed reload, in  0.977 seconds
Domain Reload Profiling:
	ReloadAssembly (978ms)
		BeginReloadAssembly (97ms)
			ExecutionOrderSort (0ms)
			DisableScriptedObjects (5ms)
			BackupInstance (0ms)
			ReleaseScriptingObjects (0ms)
			CreateAndSetChildDomain (22ms)
		EndReloadAssembly (800ms)
			LoadAssemblies (70ms)
			RebuildTransferFunctionScriptingTraits (0ms)
			SetupTypeCache (221ms)
			ReleaseScriptCaches (1ms)
			RebuildScriptCaches (48ms)
			SetupLoadedEditorAssemblies (429ms)
				LogAssemblyErrors (0ms)
				InitializePlatformSupportModulesInManaged (17ms)
				SetLoadedEditorAssemblies (0ms)
				RefreshPlugins (74ms)
				BeforeProcessingInitializeOnLoad (67ms)
				ProcessInitializeOnLoadAttributes (248ms)
				ProcessInitializeOnLoadMethodAttributes (17ms)
				AfterProcessingInitializeOnLoad (5ms)
				EditorAssembliesLoaded (0ms)
			ExecutionOrderSort2 (0ms)
			AwakeInstancesAfterBackupRestoration (4ms)
Platform modules already initialized, skipping
========================================================================
Worker process is ready to serve import requests
Launched and connected shader compiler UnityShaderCompiler.exe after 0.03 seconds
Refreshing native plugins compatible for Editor in 0.75 ms, found 3 plugins.
Preloading 0 native plugins for Editor in 0.00 ms.
Unloading 3616 Unused Serialized files (Serialized files now loaded: 0)
Unloading 33 unused Assets / (510.6 KB). Loaded Objects now: 4089.
Memory consumption went from 137.2 MB to 136.7 MB.
Total: 3.072900 ms (FindLiveObjects: 0.316200 ms CreateObjectMapping: 0.121300 ms MarkObjects: 2.353000 ms  DeleteObjects: 0.281700 ms)

AssetImportParameters requested are different than current active one (requested -> active):
  custom:video-decoder-ogg-theora: a1e56fd34408186e4bbccfd4996cb3dc -> 
  custom:container-muxer-webm: aa71ff27fc2769a1b78a27578f13a17b -> 
  custom:container-demuxer-webm: 4f35f7cbe854078d1ac9338744f61a02 -> 
  custom:video-encoder-webm-vp8: eb34c28f22e8b96e1ab97ce403110664 -> 
  custom:video-codec-MediaFoundation-h265: 746d11721c4dcdbdad8f713fa42b33f4 -> 
  custom:audio-encoder-webm-vorbis: bf7c407c2cedff20999df2af8eb42d56 -> 
  custom:framework-win-MediaFoundation: 216162199b28c13a410421893ffa2e32 -> 
  custom:container-demuxer-ogg: 62fdf1f143b41e24485cea50d1cbac27 -> 
  custom:video-decoder-webm-vp8: 9c59270c3fd7afecdb556c50c9e8de78 -> 
  custom:audio-decoder-ogg-vorbis: bf7c407c2cedff20999df2af8eb42d56 -> 
========================================================================
Received Import Request.
  Time since last request: 7710.735451 seconds.
  path: Assets/Prefab/blinn3.mat
  artifactKey: Guid(51d6b0376164f4946860b746d10b5b44) Importer(815301076,1909f56bfc062723c751e8b465ee728b)
Start importing Assets/Prefab/blinn3.mat using Guid(51d6b0376164f4946860b746d10b5b44) Importer(815301076,1909f56bfc062723c751e8b465ee728b)  -> (artifact id: '66f17a82f9522d07627b98526c3f6de9') in 0.140554 seconds 
========================================================================
Received Import Request.
  Time since last request: 346.708438 seconds.
  path: Assets/Prefab/New Material.mat
  artifactKey: Guid(91beb1bed20cf9241870f5e020e7edc2) Importer(815301076,1909f56bfc062723c751e8b465ee728b)
Start importing Assets/Prefab/New Material.mat using Guid(91beb1bed20cf9241870f5e020e7edc2) Importer(815301076,1909f56bfc062723c751e8b465ee728b)  -> (artifact id: '47557d17bda4186f290a11a028e9522c') in 0.017722 seconds 
========================================================================
Received Import Request.
  Time since last request: 110.129647 seconds.
  path: Assets/Prefab/Stopwatch_material 1.jpg
  artifactKey: Guid(988643d5a42c2954ebd59478038b0d21) Importer(815301076,1909f56bfc062723c751e8b465ee728b)
Start importing Assets/Prefab/Stopwatch_material 1.jpg using Guid(988643d5a42c2954ebd59478038b0d21) Importer(815301076,1909f56bfc062723c751e8b465ee728b)  -> (artifact id: 'bc8200b0fdc4142cc06460bc9e10d547') in 0.050343 seconds 
========================================================================
Received Import Request.
  Time since last request: 7.775773 seconds.
  path: Assets/Prefab/Stopwatch_material 1.jpg
  artifactKey: Guid(988643d5a42c2954ebd59478038b0d21) Importer(815301076,1909f56bfc062723c751e8b465ee728b)
Start importing Assets/Prefab/Stopwatch_material 1.jpg using Guid(988643d5a42c2954ebd59478038b0d21) Importer(815301076,1909f56bfc062723c751e8b465ee728b)  -> (artifact id: '03e188ca8f29447dc6e0f0ce42805975') in 0.028734 seconds 
========================================================================
Received Import Request.
  Time since last request: 45.144021 seconds.
  path: Assets/Prefab/Stopwatch_material 1.jpg
  artifactKey: Guid(988643d5a42c2954ebd59478038b0d21) Importer(815301076,1909f56bfc062723c751e8b465ee728b)
Start importing Assets/Prefab/Stopwatch_material 1.jpg using Guid(988643d5a42c2954ebd59478038b0d21) Importer(815301076,1909f56bfc062723c751e8b465ee728b)  -> (artifact id: 'dcc7fd127f028dcecdc4c561c13af5c9') in 0.009065 seconds 
========================================================================
Received Import Request.
  Time since last request: 1430.019207 seconds.
  path: Assets/AdditionalRooms/NewRoom 1.prefab
  artifactKey: Guid(ff5aa30469546224ea404d8466e02268) Importer(815301076,1909f56bfc062723c751e8b465ee728b)
Start importing Assets/AdditionalRooms/NewRoom 1.prefab using Guid(ff5aa30469546224ea404d8466e02268) Importer(815301076,1909f56bfc062723c751e8b465ee728b)  -> (artifact id: 'f7b3bd9cde2410f5115a1048f26b406c') in 0.350649 seconds 
========================================================================
Received Import Request.
  Time since last request: 0.000078 seconds.
  path: Assets/AdditionalRooms/NewRoom3.prefab
  artifactKey: Guid(a0c67682d0d681e43a6cfceeb8c1d082) Importer(815301076,1909f56bfc062723c751e8b465ee728b)
Start importing Assets/AdditionalRooms/NewRoom3.prefab using Guid(a0c67682d0d681e43a6cfceeb8c1d082) Importer(815301076,1909f56bfc062723c751e8b465ee728b)  -> (artifact id: '0a29ac985c166af4140bfaafdb126252') in 0.077819 seconds 
========================================================================
Received Import Request.
  Time since last request: 3.018604 seconds.
  path: Assets/AdditionalRooms/With Platforms
  artifactKey: Guid(e7566bda05c4f6a44bcc1e93c3389e99) Importer(815301076,1909f56bfc062723c751e8b465ee728b)
Start importing Assets/AdditionalRooms/With Platforms using Guid(e7566bda05c4f6a44bcc1e93c3389e99) Importer(815301076,1909f56bfc062723c751e8b465ee728b)  -> (artifact id: 'e0c127c9283941f8e63d27e6f0917e4b') in 0.027757 seconds 
