Using pre-set license
Built from '2021.3/staging' branch; Version is '2021.3.15f1 (e8e88683f834) revision 15263878'; Using compiler version '192829333'; Build Type 'Release'
OS: 'Windows 10  (10.0.19044) 64bit Core' Language: 'en' Physical Memory: 16223 MB
BatchMode: 1, IsHumanControllingUs: 0, StartBugReporterOnCrash: 0, Is64bit: 1, IsPro: 1

COMMAND LINE ARGUMENTS:
C:\Program Files\Unity\Hub\Editor\2021.3.15f1\Editor\Unity.exe
-adb2
-batchMode
-noUpm
-name
AssetImportWorker1
-projectPath
C:/Users/wolfl/Desktop/TP_MP/TP_MP
-logFile
Logs/AssetImportWorker1.log
-srvPort
30328
Successfully changed project path to: C:/Users/wolfl/Desktop/TP_MP/TP_MP
C:/Users/wolfl/Desktop/TP_MP/TP_MP
[UnityMemory] Configuration Parameters - Can be set up in boot.config
    "memorysetup-bucket-allocator-granularity=16"
    "memorysetup-bucket-allocator-bucket-count=8"
    "memorysetup-bucket-allocator-block-size=33554432"
    "memorysetup-bucket-allocator-block-count=8"
    "memorysetup-main-allocator-block-size=16777216"
    "memorysetup-thread-allocator-block-size=16777216"
    "memorysetup-gfx-main-allocator-block-size=16777216"
    "memorysetup-gfx-thread-allocator-block-size=16777216"
    "memorysetup-cache-allocator-block-size=4194304"
    "memorysetup-typetree-allocator-block-size=2097152"
    "memorysetup-profiler-bucket-allocator-granularity=16"
    "memorysetup-profiler-bucket-allocator-bucket-count=8"
    "memorysetup-profiler-bucket-allocator-block-size=33554432"
    "memorysetup-profiler-bucket-allocator-block-count=8"
    "memorysetup-profiler-allocator-block-size=16777216"
    "memorysetup-profiler-editor-allocator-block-size=1048576"
    "memorysetup-temp-allocator-size-main=16777216"
    "memorysetup-job-temp-allocator-block-size=2097152"
    "memorysetup-job-temp-allocator-block-size-background=1048576"
    "memorysetup-job-temp-allocator-reduction-small-platforms=262144"
    "memorysetup-temp-allocator-size-background-worker=32768"
    "memorysetup-temp-allocator-size-job-worker=262144"
    "memorysetup-temp-allocator-size-preload-manager=33554432"
    "memorysetup-temp-allocator-size-nav-mesh-worker=65536"
    "memorysetup-temp-allocator-size-audio-worker=65536"
    "memorysetup-temp-allocator-size-cloud-worker=32768"
    "memorysetup-temp-allocator-size-gi-baking-worker=262144"
    "memorysetup-temp-allocator-size-gfx=262144"
Player connection [18736] Host "[IP] 192.168.56.1 [Port] 0 [Flags] 2 [Guid] 3694545156 [EditorId] 3694545156 [Version] 1048832 [Id] WindowsEditor(7,Starlinx) [Debug] 1 [PackageName] WindowsEditor [ProjectName] Editor" joined multi-casting on [225.0.0.222:54997]...

Player connection [18736] Host "[IP] 192.168.56.1 [Port] 0 [Flags] 2 [Guid] 3694545156 [EditorId] 3694545156 [Version] 1048832 [Id] WindowsEditor(7,Starlinx) [Debug] 1 [PackageName] WindowsEditor [ProjectName] Editor" joined alternative multi-casting on [225.0.0.222:34997]...

Refreshing native plugins compatible for Editor in 98.26 ms, found 3 plugins.
Preloading 0 native plugins for Editor in 0.00 ms.
Initialize engine version: 2021.3.15f1 (e8e88683f834)
[Subsystems] Discovering subsystems at path C:/Program Files/Unity/Hub/Editor/2021.3.15f1/Editor/Data/Resources/UnitySubsystems
[Subsystems] Discovering subsystems at path C:/Users/wolfl/Desktop/TP_MP/TP_MP/Assets
GfxDevice: creating device client; threaded=0; jobified=0
Direct3D:
    Version:  Direct3D 11.0 [level 11.1]
    Renderer: NVIDIA GeForce GTX 1660 Ti (ID=0x2191)
    Vendor:   NVIDIA
    VRAM:     5991 MB
    Driver:   30.0.14.9676
Initialize mono
Mono path[0] = 'C:/Program Files/Unity/Hub/Editor/2021.3.15f1/Editor/Data/Managed'
Mono path[1] = 'C:/Program Files/Unity/Hub/Editor/2021.3.15f1/Editor/Data/MonoBleedingEdge/lib/mono/unityjit-win32'
Mono config path = 'C:/Program Files/Unity/Hub/Editor/2021.3.15f1/Editor/Data/MonoBleedingEdge/etc'
Using monoOptions --debugger-agent=transport=dt_socket,embedding=1,server=y,suspend=n,address=127.0.0.1:56972
Begin MonoManager ReloadAssembly
Registering precompiled unity dll's ...
Register platform support module: C:/Program Files/Unity/Hub/Editor/2021.3.15f1/Editor/Data/PlaybackEngines/WindowsStandaloneSupport/UnityEditor.WindowsStandalone.Extensions.dll
Registered in 0.009189 seconds.
Native extension for WindowsStandalone target not found
Refreshing native plugins compatible for Editor in 99.39 ms, found 3 plugins.
Preloading 0 native plugins for Editor in 0.00 ms.
Mono: successfully reloaded assembly
- Completed reload, in  0.772 seconds
Domain Reload Profiling:
	ReloadAssembly (773ms)
		BeginReloadAssembly (115ms)
			ExecutionOrderSort (0ms)
			DisableScriptedObjects (0ms)
			BackupInstance (0ms)
			ReleaseScriptingObjects (0ms)
			CreateAndSetChildDomain (1ms)
		EndReloadAssembly (528ms)
			LoadAssemblies (113ms)
			RebuildTransferFunctionScriptingTraits (0ms)
			SetupTypeCache (124ms)
			ReleaseScriptCaches (0ms)
			RebuildScriptCaches (32ms)
			SetupLoadedEditorAssemblies (306ms)
				LogAssemblyErrors (0ms)
				InitializePlatformSupportModulesInManaged (9ms)
				SetLoadedEditorAssemblies (0ms)
				RefreshPlugins (100ms)
				BeforeProcessingInitializeOnLoad (2ms)
				ProcessInitializeOnLoadAttributes (137ms)
				ProcessInitializeOnLoadMethodAttributes (59ms)
				AfterProcessingInitializeOnLoad (0ms)
				EditorAssembliesLoaded (0ms)
			ExecutionOrderSort2 (0ms)
			AwakeInstancesAfterBackupRestoration (0ms)
Platform modules already initialized, skipping
Registering precompiled user dll's ...
Registered in 0.011086 seconds.
Begin MonoManager ReloadAssembly
Symbol file LoadedFromMemory doesn't match image C:\Users\wolfl\Desktop\TP_MP\TP_MP\Library\PackageCache\com.unity.visualscripting@1.8.0\Editor\VisualScripting.Core\Dependencies\YamlDotNet\Unity.VisualScripting.YamlDotNet.dll
Symbol file LoadedFromMemory doesn't match image C:\Users\wolfl\Desktop\TP_MP\TP_MP\Library\PackageCache\com.unity.visualscripting@1.8.0\Editor\VisualScripting.Core\Dependencies\DotNetZip\Unity.VisualScripting.IonicZip.dll
Native extension for WindowsStandalone target not found
Refreshing native plugins compatible for Editor in 99.44 ms, found 3 plugins.
Preloading 0 native plugins for Editor in 0.00 ms.
Mono: successfully reloaded assembly
- Completed reload, in  1.445 seconds
Domain Reload Profiling:
	ReloadAssembly (1445ms)
		BeginReloadAssembly (125ms)
			ExecutionOrderSort (0ms)
			DisableScriptedObjects (6ms)
			BackupInstance (0ms)
			ReleaseScriptingObjects (0ms)
			CreateAndSetChildDomain (24ms)
		EndReloadAssembly (1175ms)
			LoadAssemblies (129ms)
			RebuildTransferFunctionScriptingTraits (0ms)
			SetupTypeCache (366ms)
			ReleaseScriptCaches (1ms)
			RebuildScriptCaches (58ms)
			SetupLoadedEditorAssemblies (573ms)
				LogAssemblyErrors (0ms)
				InitializePlatformSupportModulesInManaged (5ms)
				SetLoadedEditorAssemblies (0ms)
				RefreshPlugins (100ms)
				BeforeProcessingInitializeOnLoad (94ms)
				ProcessInitializeOnLoadAttributes (346ms)
				ProcessInitializeOnLoadMethodAttributes (20ms)
				AfterProcessingInitializeOnLoad (9ms)
				EditorAssembliesLoaded (0ms)
			ExecutionOrderSort2 (0ms)
			AwakeInstancesAfterBackupRestoration (8ms)
Platform modules already initialized, skipping
========================================================================
Worker process is ready to serve import requests
Launched and connected shader compiler UnityShaderCompiler.exe after 0.06 seconds
Refreshing native plugins compatible for Editor in 0.66 ms, found 3 plugins.
Preloading 0 native plugins for Editor in 0.00 ms.
Unloading 3520 Unused Serialized files (Serialized files now loaded: 0)
Unloading 34 unused Assets / (0.6 MB). Loaded Objects now: 3985.
Memory consumption went from 132.2 MB to 131.6 MB.
Total: 4.693200 ms (FindLiveObjects: 0.272600 ms CreateObjectMapping: 0.240000 ms MarkObjects: 3.858500 ms  DeleteObjects: 0.321300 ms)

AssetImportParameters requested are different than current active one (requested -> active):
  custom:video-decoder-ogg-theora: a1e56fd34408186e4bbccfd4996cb3dc -> 
  custom:container-muxer-webm: aa71ff27fc2769a1b78a27578f13a17b -> 
  custom:container-demuxer-webm: 4f35f7cbe854078d1ac9338744f61a02 -> 
  custom:video-encoder-webm-vp8: eb34c28f22e8b96e1ab97ce403110664 -> 
  custom:audio-encoder-webm-vorbis: bf7c407c2cedff20999df2af8eb42d56 -> 
  custom:framework-win-MediaFoundation: 216162199b28c13a410421893ffa2e32 -> 
  custom:container-demuxer-ogg: 62fdf1f143b41e24485cea50d1cbac27 -> 
  custom:video-decoder-webm-vp8: 9c59270c3fd7afecdb556c50c9e8de78 -> 
  custom:audio-decoder-ogg-vorbis: bf7c407c2cedff20999df2af8eb42d56 -> 
========================================================================
Received Import Request.
  Time since last request: 18129.708798 seconds.
  path: Assets/Scenes
  artifactKey: Guid(6ea315d0fd7389c41b19996891e99ae3) Importer(815301076,1909f56bfc062723c751e8b465ee728b)
Start importing Assets/Scenes using Guid(6ea315d0fd7389c41b19996891e99ae3) Importer(815301076,1909f56bfc062723c751e8b465ee728b)  -> (artifact id: 'bc172811d573b296104adb4d2728db37') in 0.012536 seconds 
========================================================================
Received Import Request.
  Time since last request: 482.734602 seconds.
  path: Assets/_TerrainAutoUpgrade/layer_Sandyb3407d0e55802f81.terrainlayer
  artifactKey: Guid(e1577d9cd7525c548888f8d03ae6d0ab) Importer(815301076,1909f56bfc062723c751e8b465ee728b)
Start importing Assets/_TerrainAutoUpgrade/layer_Sandyb3407d0e55802f81.terrainlayer using Guid(e1577d9cd7525c548888f8d03ae6d0ab) Importer(815301076,1909f56bfc062723c751e8b465ee728b)  -> (artifact id: '7c46d874c06ac2aaf93ebe10815ea135') in 0.104960 seconds 
========================================================================
Received Import Request.
  Time since last request: 1.200597 seconds.
  path: Assets/Platform.physicMaterial
  artifactKey: Guid(a775a00b6ffc8de448782bb701f2c1ff) Importer(815301076,1909f56bfc062723c751e8b465ee728b)
Start importing Assets/Platform.physicMaterial using Guid(a775a00b6ffc8de448782bb701f2c1ff) Importer(815301076,1909f56bfc062723c751e8b465ee728b)  -> (artifact id: '2556072b31d720fd7ae54448cd0c9cf8') in 0.011746 seconds 
========================================================================
Received Import Request.
  Time since last request: 0.000043 seconds.
  path: Assets/Platform.prefab
  artifactKey: Guid(df9c35d98752eb8498d5f63138340fc1) Importer(815301076,1909f56bfc062723c751e8b465ee728b)
Start importing Assets/Platform.prefab using Guid(df9c35d98752eb8498d5f63138340fc1) Importer(815301076,1909f56bfc062723c751e8b465ee728b)  -> (artifact id: '6d7a13b70d4442caa4e4c1b8287287bf') in 0.141110 seconds 
========================================================================
Received Import Request.
  Time since last request: 4.647537 seconds.
  path: Assets/Imported Assets/right-arrow (1).png
  artifactKey: Guid(6da8488430470ee459b5397f95d57637) Importer(815301076,1909f56bfc062723c751e8b465ee728b)
Start importing Assets/Imported Assets/right-arrow (1).png using Guid(6da8488430470ee459b5397f95d57637) Importer(815301076,1909f56bfc062723c751e8b465ee728b)  -> (artifact id: '560d1ff923a6c8c87df4cbdb76f506aa') in 0.058458 seconds 
========================================================================
Received Import Request.
  Time since last request: 18.919677 seconds.
  path: Assets/Imported Assets/Modular Castle/Assets/prefabs2/barrel.prefab
  artifactKey: Guid(8375007ef859c184f93134dbe213e44b) Importer(815301076,1909f56bfc062723c751e8b465ee728b)
Start importing Assets/Imported Assets/Modular Castle/Assets/prefabs2/barrel.prefab using Guid(8375007ef859c184f93134dbe213e44b) Importer(815301076,1909f56bfc062723c751e8b465ee728b)  -> (artifact id: '77ac3786cdb6b09c0568878088e39f8b') in 0.114293 seconds 
========================================================================
Received Import Request.
  Time since last request: 0.000050 seconds.
  path: Assets/Imported Assets/Modular Castle/Assets/prefabs2/candleholder2.prefab
  artifactKey: Guid(c6fda97e2f85f854388b401808f813c7) Importer(815301076,1909f56bfc062723c751e8b465ee728b)
Start importing Assets/Imported Assets/Modular Castle/Assets/prefabs2/candleholder2.prefab using Guid(c6fda97e2f85f854388b401808f813c7) Importer(815301076,1909f56bfc062723c751e8b465ee728b)  -> (artifact id: '6dbf4824e481a0ba4f376eac97003e0c') in 0.041651 seconds 
========================================================================
Received Import Request.
  Time since last request: 0.000075 seconds.
  path: Assets/Imported Assets/Modular Castle/Assets/prefabs2/candles 1.prefab
  artifactKey: Guid(3033b6e2c5fe4a747a5918bfadbc019a) Importer(815301076,1909f56bfc062723c751e8b465ee728b)
Start importing Assets/Imported Assets/Modular Castle/Assets/prefabs2/candles 1.prefab using Guid(3033b6e2c5fe4a747a5918bfadbc019a) Importer(815301076,1909f56bfc062723c751e8b465ee728b)  -> (artifact id: 'd1fb637d3a9a2d526be101700ee09195') in 0.056189 seconds 
========================================================================
Received Import Request.
  Time since last request: 0.000056 seconds.
  path: Assets/Imported Assets/Modular Castle/Assets/prefabs2/wall3.prefab
  artifactKey: Guid(a0ffc3f89f6564d4db93360de7c64c43) Importer(815301076,1909f56bfc062723c751e8b465ee728b)
Start importing Assets/Imported Assets/Modular Castle/Assets/prefabs2/wall3.prefab using Guid(a0ffc3f89f6564d4db93360de7c64c43) Importer(815301076,1909f56bfc062723c751e8b465ee728b)  -> (artifact id: 'd2f6587503851138a1cf58bf1705e790') in 0.049827 seconds 
========================================================================
Received Import Request.
  Time since last request: 0.000026 seconds.
  path: Assets/Imported Assets/Modular Castle/Assets/prefabs2/wall3 1.prefab
  artifactKey: Guid(a989f3d54d02f934fba9ce9f04202bd8) Importer(815301076,1909f56bfc062723c751e8b465ee728b)
Start importing Assets/Imported Assets/Modular Castle/Assets/prefabs2/wall3 1.prefab using Guid(a989f3d54d02f934fba9ce9f04202bd8) Importer(815301076,1909f56bfc062723c751e8b465ee728b)  -> (artifact id: '3d134a28e3943ab0db4f600c4acd96f7') in 0.039217 seconds 
========================================================================
Received Import Request.
  Time since last request: 0.000029 seconds.
  path: Assets/Imported Assets/Modular Castle/Assets/prefabs2/box3 1.prefab
  artifactKey: Guid(0d4775583aca9894e9208bc487190db8) Importer(815301076,1909f56bfc062723c751e8b465ee728b)
Start importing Assets/Imported Assets/Modular Castle/Assets/prefabs2/box3 1.prefab using Guid(0d4775583aca9894e9208bc487190db8) Importer(815301076,1909f56bfc062723c751e8b465ee728b)  -> (artifact id: '4b3dad395fbefa855e9b120f424896c4') in 0.034531 seconds 
========================================================================
Received Import Request.
  Time since last request: 0.000027 seconds.
  path: Assets/Imported Assets/Modular Castle/Assets/prefabs2/decoration2.prefab
  artifactKey: Guid(0c5f6d8c494dfe849ae0d9fa17abad8d) Importer(815301076,1909f56bfc062723c751e8b465ee728b)
Start importing Assets/Imported Assets/Modular Castle/Assets/prefabs2/decoration2.prefab using Guid(0c5f6d8c494dfe849ae0d9fa17abad8d) Importer(815301076,1909f56bfc062723c751e8b465ee728b)  -> (artifact id: 'bfefb9be27d181b0088fe0ee9312e90d') in 0.033290 seconds 
========================================================================
Received Import Request.
  Time since last request: 0.000058 seconds.
  path: Assets/Imported Assets/Modular Castle/Assets/prefabs2/wall2.prefab
  artifactKey: Guid(b79d1646853934f4dad1e987cd05b119) Importer(815301076,1909f56bfc062723c751e8b465ee728b)
Start importing Assets/Imported Assets/Modular Castle/Assets/prefabs2/wall2.prefab using Guid(b79d1646853934f4dad1e987cd05b119) Importer(815301076,1909f56bfc062723c751e8b465ee728b)  -> (artifact id: '7de79df745113e3869ff66581d92496d') in 0.037047 seconds 
========================================================================
Received Import Request.
  Time since last request: 0.000034 seconds.
  path: Assets/Imported Assets/Modular Castle/Assets/prefabs2/decoration3.prefab
  artifactKey: Guid(31ba195dc0487cd458132f3c4f8e9e15) Importer(815301076,1909f56bfc062723c751e8b465ee728b)
Start importing Assets/Imported Assets/Modular Castle/Assets/prefabs2/decoration3.prefab using Guid(31ba195dc0487cd458132f3c4f8e9e15) Importer(815301076,1909f56bfc062723c751e8b465ee728b)  -> (artifact id: 'cedbd59bc99f63c7c3b0ec49c2681d4c') in 0.043416 seconds 
========================================================================
Received Import Request.
  Time since last request: 0.000062 seconds.
  path: Assets/Imported Assets/Modular Castle/Assets/prefabs2/wall2 1.prefab
  artifactKey: Guid(b84cdff1414a1094d995361dae7b91b1) Importer(815301076,1909f56bfc062723c751e8b465ee728b)
Start importing Assets/Imported Assets/Modular Castle/Assets/prefabs2/wall2 1.prefab using Guid(b84cdff1414a1094d995361dae7b91b1) Importer(815301076,1909f56bfc062723c751e8b465ee728b)  -> (artifact id: 'b6c6ded8b3f601ac8c88a9e882b38837') in 0.042834 seconds 
========================================================================
Received Import Request.
  Time since last request: 0.000030 seconds.
  path: Assets/Imported Assets/Modular Castle/Assets/prefabs2/stand for weapons.001.prefab
  artifactKey: Guid(107ca562f4dfa2942a6692ccdefd9a3b) Importer(815301076,1909f56bfc062723c751e8b465ee728b)
Start importing Assets/Imported Assets/Modular Castle/Assets/prefabs2/stand for weapons.001.prefab using Guid(107ca562f4dfa2942a6692ccdefd9a3b) Importer(815301076,1909f56bfc062723c751e8b465ee728b)  -> (artifact id: '526f953b74637340fb080fd0262d4b15') in 0.034680 seconds 
========================================================================
Received Import Request.
  Time since last request: 0.000033 seconds.
  path: Assets/Imported Assets/Modular Castle/Assets/prefabs2/candle3.prefab
  artifactKey: Guid(488fb4bf55e88e243a3d0bfaa7e42703) Importer(815301076,1909f56bfc062723c751e8b465ee728b)
Start importing Assets/Imported Assets/Modular Castle/Assets/prefabs2/candle3.prefab using Guid(488fb4bf55e88e243a3d0bfaa7e42703) Importer(815301076,1909f56bfc062723c751e8b465ee728b)  -> (artifact id: '8dd99c20a4e331eafd4007510f0982df') in 0.036076 seconds 
========================================================================
Received Import Request.
  Time since last request: 0.000027 seconds.
  path: Assets/Imported Assets/Modular Castle/Assets/prefabs2/torch.prefab
  artifactKey: Guid(2b28d52e9282f5844af4fa29dc0c1032) Importer(815301076,1909f56bfc062723c751e8b465ee728b)
Start importing Assets/Imported Assets/Modular Castle/Assets/prefabs2/torch.prefab using Guid(2b28d52e9282f5844af4fa29dc0c1032) Importer(815301076,1909f56bfc062723c751e8b465ee728b)  -> (artifact id: '2b7aa68b350be9f6f990238deca54294') in 0.034573 seconds 
========================================================================
Received Import Request.
  Time since last request: 1.055870 seconds.
  path: Assets/Imported Assets/Modular Castle/Assets/prefabs/barrel.prefab
  artifactKey: Guid(8c2b62e7246b8be418a40cb56f42685a) Importer(815301076,1909f56bfc062723c751e8b465ee728b)
Start importing Assets/Imported Assets/Modular Castle/Assets/prefabs/barrel.prefab using Guid(8c2b62e7246b8be418a40cb56f42685a) Importer(815301076,1909f56bfc062723c751e8b465ee728b)  -> (artifact id: 'dedcb2ea1b3740f6db88f45e26280393') in 0.022215 seconds 
========================================================================
Received Import Request.
  Time since last request: 0.000036 seconds.
  path: Assets/Imported Assets/Modular Castle/Assets/prefabs/candle1.prefab
  artifactKey: Guid(54267a896609f27488a9af10dbd11557) Importer(815301076,1909f56bfc062723c751e8b465ee728b)
Start importing Assets/Imported Assets/Modular Castle/Assets/prefabs/candle1.prefab using Guid(54267a896609f27488a9af10dbd11557) Importer(815301076,1909f56bfc062723c751e8b465ee728b)  -> (artifact id: '3c372b39b838211d3fc4347debb18c25') in 0.024864 seconds 
========================================================================
Received Import Request.
  Time since last request: 0.000024 seconds.
  path: Assets/Imported Assets/Modular Castle/Assets/prefabs/wall3.prefab
  artifactKey: Guid(edf36f15892d1fb4d913feaa9b0a6dc3) Importer(815301076,1909f56bfc062723c751e8b465ee728b)
Start importing Assets/Imported Assets/Modular Castle/Assets/prefabs/wall3.prefab using Guid(edf36f15892d1fb4d913feaa9b0a6dc3) Importer(815301076,1909f56bfc062723c751e8b465ee728b)  -> (artifact id: 'b90c3fcfab46fe8b226e5d2b85b38c81') in 0.024764 seconds 
========================================================================
Received Import Request.
  Time since last request: 0.000021 seconds.
  path: Assets/Imported Assets/Modular Castle/Assets/prefabs/floor1.prefab
  artifactKey: Guid(64cb684f38ab4e547a77225cd823cf62) Importer(815301076,1909f56bfc062723c751e8b465ee728b)
Start importing Assets/Imported Assets/Modular Castle/Assets/prefabs/floor1.prefab using Guid(64cb684f38ab4e547a77225cd823cf62) Importer(815301076,1909f56bfc062723c751e8b465ee728b)  -> (artifact id: 'b975fec34df7accfa54d6339195056c8') in 0.027391 seconds 
========================================================================
Received Import Request.
  Time since last request: 0.000029 seconds.
  path: Assets/Imported Assets/Modular Castle/Assets/prefabs/pillar_small1.prefab
  artifactKey: Guid(f18c80e40f3eae04a943a2e61d870d14) Importer(815301076,1909f56bfc062723c751e8b465ee728b)
Start importing Assets/Imported Assets/Modular Castle/Assets/prefabs/pillar_small1.prefab using Guid(f18c80e40f3eae04a943a2e61d870d14) Importer(815301076,1909f56bfc062723c751e8b465ee728b)  -> (artifact id: '58e24a217e5cca42b803d5825ab15b5f') in 0.028664 seconds 
========================================================================
Received Import Request.
  Time since last request: 0.000020 seconds.
  path: Assets/Imported Assets/Modular Castle/Assets/prefabs/sword.prefab
  artifactKey: Guid(c34a67cb83e3b5449b55243207b1b621) Importer(815301076,1909f56bfc062723c751e8b465ee728b)
Start importing Assets/Imported Assets/Modular Castle/Assets/prefabs/sword.prefab using Guid(c34a67cb83e3b5449b55243207b1b621) Importer(815301076,1909f56bfc062723c751e8b465ee728b)  -> (artifact id: '093e81e64e3e62183c94e9236e294317') in 0.027476 seconds 
========================================================================
Received Import Request.
  Time since last request: 0.000026 seconds.
  path: Assets/Imported Assets/Modular Castle/Assets/prefabs/stand for weapons.prefab
  artifactKey: Guid(43672fd8c9f63724ca03d766c52c8568) Importer(815301076,1909f56bfc062723c751e8b465ee728b)
Start importing Assets/Imported Assets/Modular Castle/Assets/prefabs/stand for weapons.prefab using Guid(43672fd8c9f63724ca03d766c52c8568) Importer(815301076,1909f56bfc062723c751e8b465ee728b)  -> (artifact id: 'f01440c8359b72ffc7e28c4cf7b49cb8') in 0.025448 seconds 
========================================================================
Received Import Request.
  Time since last request: 0.000032 seconds.
  path: Assets/Imported Assets/Modular Castle/Assets/prefabs/carpet1.prefab
  artifactKey: Guid(a4bea53168e748947a482379d038f738) Importer(815301076,1909f56bfc062723c751e8b465ee728b)
Start importing Assets/Imported Assets/Modular Castle/Assets/prefabs/carpet1.prefab using Guid(a4bea53168e748947a482379d038f738) Importer(815301076,1909f56bfc062723c751e8b465ee728b)  -> (artifact id: '6e0e95526292d03c44c7706644b3cdab') in 0.026749 seconds 
========================================================================
Received Import Request.
  Time since last request: 0.000027 seconds.
  path: Assets/Imported Assets/Modular Castle/Assets/prefabs/box.prefab
  artifactKey: Guid(8799b841d75370f44ba4ccf79bc7658b) Importer(815301076,1909f56bfc062723c751e8b465ee728b)
Start importing Assets/Imported Assets/Modular Castle/Assets/prefabs/box.prefab using Guid(8799b841d75370f44ba4ccf79bc7658b) Importer(815301076,1909f56bfc062723c751e8b465ee728b)  -> (artifact id: '1df7d371713c0dd19cd835b587a757c2') in 0.030495 seconds 
========================================================================
Received Import Request.
  Time since last request: 0.000022 seconds.
  path: Assets/Imported Assets/Modular Castle/Assets/prefabs/pillar1.prefab
  artifactKey: Guid(7250e3ee64608cf4ebd2df16b04e2e4b) Importer(815301076,1909f56bfc062723c751e8b465ee728b)
Start importing Assets/Imported Assets/Modular Castle/Assets/prefabs/pillar1.prefab using Guid(7250e3ee64608cf4ebd2df16b04e2e4b) Importer(815301076,1909f56bfc062723c751e8b465ee728b)  -> (artifact id: '27f2c29e1835c57d6c2e76a2763fd7f8') in 0.029714 seconds 
========================================================================
Received Import Request.
  Time since last request: 0.000024 seconds.
  path: Assets/Imported Assets/Modular Castle/Assets/prefabs/candle2.prefab
  artifactKey: Guid(a3eea591edd85e94e9c893525e335cb0) Importer(815301076,1909f56bfc062723c751e8b465ee728b)
Start importing Assets/Imported Assets/Modular Castle/Assets/prefabs/candle2.prefab using Guid(a3eea591edd85e94e9c893525e335cb0) Importer(815301076,1909f56bfc062723c751e8b465ee728b)  -> (artifact id: '6118a7284f445e2f5c68e16e44d643d1') in 0.027039 seconds 
========================================================================
Received Import Request.
  Time since last request: 0.000026 seconds.
  path: Assets/Imported Assets/Modular Castle/Assets/prefabs/doorway2.prefab
  artifactKey: Guid(eda319de497b2a4449c2ab39265a3ac5) Importer(815301076,1909f56bfc062723c751e8b465ee728b)
Start importing Assets/Imported Assets/Modular Castle/Assets/prefabs/doorway2.prefab using Guid(eda319de497b2a4449c2ab39265a3ac5) Importer(815301076,1909f56bfc062723c751e8b465ee728b)  -> (artifact id: 'ec6abef4fb9c6cf7c289ebf16e00ca16') in 0.034961 seconds 
========================================================================
Received Import Request.
  Time since last request: 0.000036 seconds.
  path: Assets/Imported Assets/Modular Castle/Assets/prefabs/candleholder3.prefab
  artifactKey: Guid(3f4cd64e876070c40b64e92d6ad7daf0) Importer(815301076,1909f56bfc062723c751e8b465ee728b)
Start importing Assets/Imported Assets/Modular Castle/Assets/prefabs/candleholder3.prefab using Guid(3f4cd64e876070c40b64e92d6ad7daf0) Importer(815301076,1909f56bfc062723c751e8b465ee728b)  -> (artifact id: '32ecbd1a5fea78f3186234b90d334bc0') in 0.029451 seconds 
========================================================================
Received Import Request.
  Time since last request: 0.000027 seconds.
  path: Assets/Imported Assets/Modular Castle/Assets/prefabs/pillow.prefab
  artifactKey: Guid(27d3a78beda859f4e9003304f0762f53) Importer(815301076,1909f56bfc062723c751e8b465ee728b)
Start importing Assets/Imported Assets/Modular Castle/Assets/prefabs/pillow.prefab using Guid(27d3a78beda859f4e9003304f0762f53) Importer(815301076,1909f56bfc062723c751e8b465ee728b)  -> (artifact id: '3cec646fed9df64ae26f4683187073dd') in 0.030919 seconds 
========================================================================
Received Import Request.
  Time since last request: 0.000042 seconds.
  path: Assets/Imported Assets/Modular Castle/Assets/prefabs/torch.prefab
  artifactKey: Guid(483ae661964d12e4f99b524da50200d0) Importer(815301076,1909f56bfc062723c751e8b465ee728b)
Start importing Assets/Imported Assets/Modular Castle/Assets/prefabs/torch.prefab using Guid(483ae661964d12e4f99b524da50200d0) Importer(815301076,1909f56bfc062723c751e8b465ee728b)  -> (artifact id: '059c6a319a21b6f2a3d43a8212045724') in 0.028788 seconds 
========================================================================
Received Import Request.
  Time since last request: 0.000024 seconds.
  path: Assets/Imported Assets/Modular Castle/Assets/prefabs/box2.prefab
  artifactKey: Guid(cc099d4b9ab7d3b4287693466cb6ff9e) Importer(815301076,1909f56bfc062723c751e8b465ee728b)
Start importing Assets/Imported Assets/Modular Castle/Assets/prefabs/box2.prefab using Guid(cc099d4b9ab7d3b4287693466cb6ff9e) Importer(815301076,1909f56bfc062723c751e8b465ee728b)  -> (artifact id: '6102ac9edf141c2adf71452fc9e5381e') in 0.028469 seconds 
========================================================================
Received Import Request.
  Time since last request: 0.000031 seconds.
  path: Assets/Imported Assets/Modular Castle/Assets/prefabs/bed1.prefab
  artifactKey: Guid(4262c5895a7ed7f47b98ea94be746d7b) Importer(815301076,1909f56bfc062723c751e8b465ee728b)
Start importing Assets/Imported Assets/Modular Castle/Assets/prefabs/bed1.prefab using Guid(4262c5895a7ed7f47b98ea94be746d7b) Importer(815301076,1909f56bfc062723c751e8b465ee728b)  -> (artifact id: '0cc6a637cd59a7427ad84c443dfb5d28') in 0.030220 seconds 
========================================================================
Received Import Request.
  Time since last request: 0.000027 seconds.
  path: Assets/Imported Assets/Modular Castle/Assets/prefabs/bed2.prefab
  artifactKey: Guid(603974aa53b216142bc3b923a72e69a2) Importer(815301076,1909f56bfc062723c751e8b465ee728b)
Start importing Assets/Imported Assets/Modular Castle/Assets/prefabs/bed2.prefab using Guid(603974aa53b216142bc3b923a72e69a2) Importer(815301076,1909f56bfc062723c751e8b465ee728b)  -> (artifact id: '083025876b9164fdbeb9b4f91ced6e31') in 0.027511 seconds 
========================================================================
Received Import Request.
  Time since last request: 0.000031 seconds.
  path: Assets/Imported Assets/Modular Castle/Assets/prefabs/stand with weapons.prefab
  artifactKey: Guid(12aa655f8b99b354ead2d832d68b25d3) Importer(815301076,1909f56bfc062723c751e8b465ee728b)
Start importing Assets/Imported Assets/Modular Castle/Assets/prefabs/stand with weapons.prefab using Guid(12aa655f8b99b354ead2d832d68b25d3) Importer(815301076,1909f56bfc062723c751e8b465ee728b)  -> (artifact id: 'ffa33c83f7bebfdbe0855f367b2b27bc') in 0.029554 seconds 
========================================================================
Received Import Request.
  Time since last request: 0.000031 seconds.
  path: Assets/Imported Assets/Modular Castle/Assets/prefabs/carpet3.prefab
  artifactKey: Guid(eddf42ac28e1a0f4fb79767394e23cda) Importer(815301076,1909f56bfc062723c751e8b465ee728b)
Start importing Assets/Imported Assets/Modular Castle/Assets/prefabs/carpet3.prefab using Guid(eddf42ac28e1a0f4fb79767394e23cda) Importer(815301076,1909f56bfc062723c751e8b465ee728b)  -> (artifact id: '76ead0a409c36e57530066e43ffffaff') in 0.030707 seconds 
========================================================================
Received Import Request.
  Time since last request: 0.000026 seconds.
  path: Assets/Imported Assets/Modular Castle/Assets/prefabs/pillar2.prefab
  artifactKey: Guid(fb3f840c826314847ba67aaf7e4aef4e) Importer(815301076,1909f56bfc062723c751e8b465ee728b)
Start importing Assets/Imported Assets/Modular Castle/Assets/prefabs/pillar2.prefab using Guid(fb3f840c826314847ba67aaf7e4aef4e) Importer(815301076,1909f56bfc062723c751e8b465ee728b)  -> (artifact id: '89a302ff37c7eefd1ca94d3d6eeef917') in 0.029899 seconds 
========================================================================
Received Import Request.
  Time since last request: 0.000034 seconds.
  path: Assets/Imported Assets/Modular Castle/Assets/prefabs/wall1.prefab
  artifactKey: Guid(e38067ccaff52424db35c2958d80cb11) Importer(815301076,1909f56bfc062723c751e8b465ee728b)
Start importing Assets/Imported Assets/Modular Castle/Assets/prefabs/wall1.prefab using Guid(e38067ccaff52424db35c2958d80cb11) Importer(815301076,1909f56bfc062723c751e8b465ee728b)  -> (artifact id: '715c38067a29df30f7a2e73b0bd826e2') in 0.032386 seconds 
========================================================================
Received Import Request.
  Time since last request: 0.000034 seconds.
  path: Assets/Imported Assets/Modular Castle/Assets/prefabs/decoration1.prefab
  artifactKey: Guid(818577aaab88326478572f55c6d42f14) Importer(815301076,1909f56bfc062723c751e8b465ee728b)
Start importing Assets/Imported Assets/Modular Castle/Assets/prefabs/decoration1.prefab using Guid(818577aaab88326478572f55c6d42f14) Importer(815301076,1909f56bfc062723c751e8b465ee728b)  -> (artifact id: '186f1f551fc7e7c6b8afe8fcec4c476d') in 0.031365 seconds 
Editor requested this worker to shutdown with reason: Scaling down because of idle timeout
AssetImportWorker is now disconnected from the server
Process exiting
Exiting without the bug reporter. Application will terminate with return code 0