Using pre-set license
Built from '2021.3/staging' branch; Version is '2021.3.15f1 (e8e88683f834) revision 15263878'; Using compiler version '192829333'; Build Type 'Release'
OS: 'Windows 10  (10.0.19044) 64bit Core' Language: 'en' Physical Memory: 16223 MB
BatchMode: 1, IsHumanControllingUs: 0, StartBugReporterOnCrash: 0, Is64bit: 1, IsPro: 1

COMMAND LINE ARGUMENTS:
C:\Program Files\Unity\Hub\Editor\2021.3.15f1\Editor\Unity.exe
-adb2
-batchMode
-noUpm
-name
AssetImportWorker5
-projectPath
C:/Users/wolfl/Desktop/TP_MP/TP_MP
-logFile
Logs/AssetImportWorker5.log
-srvPort
1104
Successfully changed project path to: C:/Users/wolfl/Desktop/TP_MP/TP_MP
C:/Users/wolfl/Desktop/TP_MP/TP_MP
[UnityMemory] Configuration Parameters - Can be set up in boot.config
    "memorysetup-bucket-allocator-granularity=16"
    "memorysetup-bucket-allocator-bucket-count=8"
    "memorysetup-bucket-allocator-block-size=33554432"
    "memorysetup-bucket-allocator-block-count=8"
    "memorysetup-main-allocator-block-size=16777216"
    "memorysetup-thread-allocator-block-size=16777216"
    "memorysetup-gfx-main-allocator-block-size=16777216"
    "memorysetup-gfx-thread-allocator-block-size=16777216"
    "memorysetup-cache-allocator-block-size=4194304"
    "memorysetup-typetree-allocator-block-size=2097152"
    "memorysetup-profiler-bucket-allocator-granularity=16"
    "memorysetup-profiler-bucket-allocator-bucket-count=8"
    "memorysetup-profiler-bucket-allocator-block-size=33554432"
    "memorysetup-profiler-bucket-allocator-block-count=8"
    "memorysetup-profiler-allocator-block-size=16777216"
    "memorysetup-profiler-editor-allocator-block-size=1048576"
    "memorysetup-temp-allocator-size-main=16777216"
    "memorysetup-job-temp-allocator-block-size=2097152"
    "memorysetup-job-temp-allocator-block-size-background=1048576"
    "memorysetup-job-temp-allocator-reduction-small-platforms=262144"
    "memorysetup-temp-allocator-size-background-worker=32768"
    "memorysetup-temp-allocator-size-job-worker=262144"
    "memorysetup-temp-allocator-size-preload-manager=33554432"
    "memorysetup-temp-allocator-size-nav-mesh-worker=65536"
    "memorysetup-temp-allocator-size-audio-worker=65536"
    "memorysetup-temp-allocator-size-cloud-worker=32768"
    "memorysetup-temp-allocator-size-gi-baking-worker=262144"
    "memorysetup-temp-allocator-size-gfx=262144"
Player connection [25744] Host "[IP] 192.168.56.1 [Port] 0 [Flags] 2 [Guid] 1427198935 [EditorId] 1427198935 [Version] 1048832 [Id] WindowsEditor(7,Starlinx) [Debug] 1 [PackageName] WindowsEditor [ProjectName] Editor" joined multi-casting on [225.0.0.222:54997]...

Player connection [25744] Host "[IP] 192.168.56.1 [Port] 0 [Flags] 2 [Guid] 1427198935 [EditorId] 1427198935 [Version] 1048832 [Id] WindowsEditor(7,Starlinx) [Debug] 1 [PackageName] WindowsEditor [ProjectName] Editor" joined alternative multi-casting on [225.0.0.222:34997]...

Refreshing native plugins compatible for Editor in 131.06 ms, found 3 plugins.
Preloading 0 native plugins for Editor in 0.00 ms.
Initialize engine version: 2021.3.15f1 (e8e88683f834)
[Subsystems] Discovering subsystems at path C:/Program Files/Unity/Hub/Editor/2021.3.15f1/Editor/Data/Resources/UnitySubsystems
[Subsystems] Discovering subsystems at path C:/Users/wolfl/Desktop/TP_MP/TP_MP/Assets
GfxDevice: creating device client; threaded=0; jobified=0
Direct3D:
    Version:  Direct3D 11.0 [level 11.1]
    Renderer: NVIDIA GeForce GTX 1660 Ti (ID=0x2191)
    Vendor:   NVIDIA
    VRAM:     5991 MB
    Driver:   30.0.14.9676
Initialize mono
Mono path[0] = 'C:/Program Files/Unity/Hub/Editor/2021.3.15f1/Editor/Data/Managed'
Mono path[1] = 'C:/Program Files/Unity/Hub/Editor/2021.3.15f1/Editor/Data/MonoBleedingEdge/lib/mono/unityjit-win32'
Mono config path = 'C:/Program Files/Unity/Hub/Editor/2021.3.15f1/Editor/Data/MonoBleedingEdge/etc'
Using monoOptions --debugger-agent=transport=dt_socket,embedding=1,server=y,suspend=n,address=127.0.0.1:56304
Begin MonoManager ReloadAssembly
Registering precompiled unity dll's ...
Register platform support module: C:/Program Files/Unity/Hub/Editor/2021.3.15f1/Editor/Data/PlaybackEngines/WindowsStandaloneSupport/UnityEditor.WindowsStandalone.Extensions.dll
Registered in 0.008323 seconds.
Native extension for WindowsStandalone target not found
Refreshing native plugins compatible for Editor in 90.62 ms, found 3 plugins.
Preloading 0 native plugins for Editor in 0.00 ms.
Mono: successfully reloaded assembly
- Completed reload, in  0.651 seconds
Domain Reload Profiling:
	ReloadAssembly (651ms)
		BeginReloadAssembly (83ms)
			ExecutionOrderSort (0ms)
			DisableScriptedObjects (0ms)
			BackupInstance (0ms)
			ReleaseScriptingObjects (0ms)
			CreateAndSetChildDomain (1ms)
		EndReloadAssembly (453ms)
			LoadAssemblies (81ms)
			RebuildTransferFunctionScriptingTraits (0ms)
			SetupTypeCache (103ms)
			ReleaseScriptCaches (0ms)
			RebuildScriptCaches (29ms)
			SetupLoadedEditorAssemblies (272ms)
				LogAssemblyErrors (0ms)
				InitializePlatformSupportModulesInManaged (8ms)
				SetLoadedEditorAssemblies (0ms)
				RefreshPlugins (91ms)
				BeforeProcessingInitializeOnLoad (1ms)
				ProcessInitializeOnLoadAttributes (127ms)
				ProcessInitializeOnLoadMethodAttributes (45ms)
				AfterProcessingInitializeOnLoad (0ms)
				EditorAssembliesLoaded (0ms)
			ExecutionOrderSort2 (0ms)
			AwakeInstancesAfterBackupRestoration (0ms)
Platform modules already initialized, skipping
Registering precompiled user dll's ...
Registered in 0.006388 seconds.
Begin MonoManager ReloadAssembly
Symbol file LoadedFromMemory doesn't match image C:\Users\wolfl\Desktop\TP_MP\TP_MP\Library\PackageCache\com.unity.visualscripting@1.8.0\Editor\VisualScripting.Core\Dependencies\YamlDotNet\Unity.VisualScripting.YamlDotNet.dll
Symbol file LoadedFromMemory doesn't match image C:\Users\wolfl\Desktop\TP_MP\TP_MP\Library\PackageCache\com.unity.visualscripting@1.8.0\Editor\VisualScripting.Core\Dependencies\DotNetZip\Unity.VisualScripting.IonicZip.dll
Native extension for WindowsStandalone target not found
Refreshing native plugins compatible for Editor in 93.61 ms, found 3 plugins.
Preloading 0 native plugins for Editor in 0.00 ms.
Mono: successfully reloaded assembly
- Completed reload, in  1.264 seconds
Domain Reload Profiling:
	ReloadAssembly (1264ms)
		BeginReloadAssembly (122ms)
			ExecutionOrderSort (0ms)
			DisableScriptedObjects (6ms)
			BackupInstance (0ms)
			ReleaseScriptingObjects (0ms)
			CreateAndSetChildDomain (20ms)
		EndReloadAssembly (1012ms)
			LoadAssemblies (92ms)
			RebuildTransferFunctionScriptingTraits (0ms)
			SetupTypeCache (310ms)
			ReleaseScriptCaches (1ms)
			RebuildScriptCaches (49ms)
			SetupLoadedEditorAssemblies (522ms)
				LogAssemblyErrors (0ms)
				InitializePlatformSupportModulesInManaged (5ms)
				SetLoadedEditorAssemblies (0ms)
				RefreshPlugins (94ms)
				BeforeProcessingInitializeOnLoad (100ms)
				ProcessInitializeOnLoadAttributes (290ms)
				ProcessInitializeOnLoadMethodAttributes (20ms)
				AfterProcessingInitializeOnLoad (13ms)
				EditorAssembliesLoaded (0ms)
			ExecutionOrderSort2 (0ms)
			AwakeInstancesAfterBackupRestoration (8ms)
Platform modules already initialized, skipping
========================================================================
Worker process is ready to serve import requests
Launched and connected shader compiler UnityShaderCompiler.exe after 0.05 seconds
Refreshing native plugins compatible for Editor in 0.59 ms, found 3 plugins.
Preloading 0 native plugins for Editor in 0.00 ms.
Unloading 3444 Unused Serialized files (Serialized files now loaded: 0)
Unloading 34 unused Assets / (0.6 MB). Loaded Objects now: 3914.
Memory consumption went from 202.4 MB to 201.8 MB.
Total: 3.405800 ms (FindLiveObjects: 0.245800 ms CreateObjectMapping: 0.148300 ms MarkObjects: 2.689500 ms  DeleteObjects: 0.321600 ms)

AssetImportParameters requested are different than current active one (requested -> active):
  custom:video-decoder-ogg-theora: a1e56fd34408186e4bbccfd4996cb3dc -> 
  custom:container-muxer-webm: aa71ff27fc2769a1b78a27578f13a17b -> 
  custom:container-demuxer-webm: 4f35f7cbe854078d1ac9338744f61a02 -> 
  custom:video-encoder-webm-vp8: eb34c28f22e8b96e1ab97ce403110664 -> 
  custom:audio-encoder-webm-vorbis: bf7c407c2cedff20999df2af8eb42d56 -> 
  custom:framework-win-MediaFoundation: 216162199b28c13a410421893ffa2e32 -> 
  custom:container-demuxer-ogg: 62fdf1f143b41e24485cea50d1cbac27 -> 
  custom:video-decoder-webm-vp8: 9c59270c3fd7afecdb556c50c9e8de78 -> 
  custom:audio-decoder-ogg-vorbis: bf7c407c2cedff20999df2af8eb42d56 -> 
========================================================================
Received Import Request.
  Time since last request: 86426.201595 seconds.
  path: Assets/Imported Assets/Cartoon Castle Building Kit/Prefabs/Ground + Prefabs/Castle Ground + Bright 1x4.prefab
  artifactKey: Guid(a7cf5413f3f05d142a6af855c3883f80) Importer(815301076,1909f56bfc062723c751e8b465ee728b)
Start importing Assets/Imported Assets/Cartoon Castle Building Kit/Prefabs/Ground + Prefabs/Castle Ground + Bright 1x4.prefab using Guid(a7cf5413f3f05d142a6af855c3883f80) Importer(815301076,1909f56bfc062723c751e8b465ee728b)  -> (artifact id: 'd0998696c7227d678b0c6327e3027d9c') in 0.185059 seconds 
========================================================================
Received Import Request.
  Time since last request: 0.000027 seconds.
  path: Assets/Imported Assets/Cartoon Castle Building Kit/Prefabs/Ground + Prefabs/Castle Ground + Mix 8x8.prefab
  artifactKey: Guid(3f0acace52765f74b84bdab0b6ee0b09) Importer(815301076,1909f56bfc062723c751e8b465ee728b)
Start importing Assets/Imported Assets/Cartoon Castle Building Kit/Prefabs/Ground + Prefabs/Castle Ground + Mix 8x8.prefab using Guid(3f0acace52765f74b84bdab0b6ee0b09) Importer(815301076,1909f56bfc062723c751e8b465ee728b)  -> (artifact id: '6b3364bd964592a96aa1a94c452ed01c') in 0.033025 seconds 
========================================================================
Received Import Request.
  Time since last request: 0.000031 seconds.
  path: Assets/Imported Assets/Cartoon Castle Building Kit/Prefabs/Ground + Prefabs/Castle Ground + Bright 1x8.prefab
  artifactKey: Guid(6dd63482cd4a3534a8d7efb6897359ef) Importer(815301076,1909f56bfc062723c751e8b465ee728b)
Start importing Assets/Imported Assets/Cartoon Castle Building Kit/Prefabs/Ground + Prefabs/Castle Ground + Bright 1x8.prefab using Guid(6dd63482cd4a3534a8d7efb6897359ef) Importer(815301076,1909f56bfc062723c751e8b465ee728b)  -> (artifact id: 'ff985f300e633cc7e51e5781eee178b0') in 0.034638 seconds 
========================================================================
Received Import Request.
  Time since last request: 0.000050 seconds.
  path: Assets/Imported Assets/Cartoon Castle Building Kit/Prefabs/Ground + Prefabs/Castle Ground + Mix 4x1.prefab
  artifactKey: Guid(4c06ce37c0473e64f91a487512f4faa6) Importer(815301076,1909f56bfc062723c751e8b465ee728b)
Start importing Assets/Imported Assets/Cartoon Castle Building Kit/Prefabs/Ground + Prefabs/Castle Ground + Mix 4x1.prefab using Guid(4c06ce37c0473e64f91a487512f4faa6) Importer(815301076,1909f56bfc062723c751e8b465ee728b)  -> (artifact id: '7400057ad19b351195ab6cdff0c8f5a3') in 0.034487 seconds 
========================================================================
Received Import Request.
  Time since last request: 0.000027 seconds.
  path: Assets/Imported Assets/Cartoon Castle Building Kit/Prefabs/Ground + Prefabs/Castle Ground + Dark 1x4.prefab
  artifactKey: Guid(4aac68e946858034b819a74140ac9646) Importer(815301076,1909f56bfc062723c751e8b465ee728b)
Start importing Assets/Imported Assets/Cartoon Castle Building Kit/Prefabs/Ground + Prefabs/Castle Ground + Dark 1x4.prefab using Guid(4aac68e946858034b819a74140ac9646) Importer(815301076,1909f56bfc062723c751e8b465ee728b)  -> (artifact id: 'adcacdfabbc8b1491b8c28ed045cab8d') in 0.033941 seconds 
========================================================================
Received Import Request.
  Time since last request: 0.000069 seconds.
  path: Assets/Imported Assets/Cartoon Castle Building Kit/Prefabs/Ground + Prefabs/Castle Ground + Mix 2x1.prefab
  artifactKey: Guid(63b4596526e68a845ba79beb8fdbc121) Importer(815301076,1909f56bfc062723c751e8b465ee728b)
Start importing Assets/Imported Assets/Cartoon Castle Building Kit/Prefabs/Ground + Prefabs/Castle Ground + Mix 2x1.prefab using Guid(63b4596526e68a845ba79beb8fdbc121) Importer(815301076,1909f56bfc062723c751e8b465ee728b)  -> (artifact id: '88feed4da8f4bc315829b3a5b5f959f8') in 0.033584 seconds 
========================================================================
Received Import Request.
  Time since last request: 0.000023 seconds.
  path: Assets/Imported Assets/Cartoon Castle Building Kit/Prefabs/Ground + Prefabs/Castle Ground + Mix 8x1.prefab
  artifactKey: Guid(c0ce55b2c9ba2314a9ee61a57697966f) Importer(815301076,1909f56bfc062723c751e8b465ee728b)
Start importing Assets/Imported Assets/Cartoon Castle Building Kit/Prefabs/Ground + Prefabs/Castle Ground + Mix 8x1.prefab using Guid(c0ce55b2c9ba2314a9ee61a57697966f) Importer(815301076,1909f56bfc062723c751e8b465ee728b)  -> (artifact id: '607b3dfa83b359c63ec9ecd0602e029a') in 0.028690 seconds 
========================================================================
Received Import Request.
  Time since last request: 0.000022 seconds.
  path: Assets/Imported Assets/Cartoon Castle Building Kit/Prefabs/Ground + Prefabs/Castle Ground + Bright 2x4.prefab
  artifactKey: Guid(1e7b2c0feff01684cae57ec8d89a0b2d) Importer(815301076,1909f56bfc062723c751e8b465ee728b)
Start importing Assets/Imported Assets/Cartoon Castle Building Kit/Prefabs/Ground + Prefabs/Castle Ground + Bright 2x4.prefab using Guid(1e7b2c0feff01684cae57ec8d89a0b2d) Importer(815301076,1909f56bfc062723c751e8b465ee728b)  -> (artifact id: 'bb3bc6126b9d19d9ce850abbeafa4006') in 0.029226 seconds 
========================================================================
Received Import Request.
  Time since last request: 0.000037 seconds.
  path: Assets/Imported Assets/Cartoon Castle Building Kit/Prefabs/Ground + Prefabs/Castle Ground + Bright 2x8.prefab
  artifactKey: Guid(05c11cada6eae4e4fb6c4a8ce0d1df62) Importer(815301076,1909f56bfc062723c751e8b465ee728b)
Start importing Assets/Imported Assets/Cartoon Castle Building Kit/Prefabs/Ground + Prefabs/Castle Ground + Bright 2x8.prefab using Guid(05c11cada6eae4e4fb6c4a8ce0d1df62) Importer(815301076,1909f56bfc062723c751e8b465ee728b)  -> (artifact id: '82dfa0a58e4ece2ba5a61a364fd0bf20') in 0.026732 seconds 
========================================================================
Received Import Request.
  Time since last request: 0.000023 seconds.
  path: Assets/Imported Assets/Cartoon Castle Building Kit/Prefabs/Ground + Prefabs/Castle Ground + Dark 1x2.prefab
  artifactKey: Guid(d6d86bc06d8123f46aee2c0651be68cb) Importer(815301076,1909f56bfc062723c751e8b465ee728b)
Start importing Assets/Imported Assets/Cartoon Castle Building Kit/Prefabs/Ground + Prefabs/Castle Ground + Dark 1x2.prefab using Guid(d6d86bc06d8123f46aee2c0651be68cb) Importer(815301076,1909f56bfc062723c751e8b465ee728b)  -> (artifact id: 'a9d14e1b3d46122863c546c36d637140') in 0.027808 seconds 
========================================================================
Received Import Request.
  Time since last request: 0.000023 seconds.
  path: Assets/Imported Assets/Cartoon Castle Building Kit/Prefabs/Ground + Prefabs/Castle Ground + Dark 2x2.prefab
  artifactKey: Guid(d2cc32221f871c644931b477e1f19fb7) Importer(815301076,1909f56bfc062723c751e8b465ee728b)
Start importing Assets/Imported Assets/Cartoon Castle Building Kit/Prefabs/Ground + Prefabs/Castle Ground + Dark 2x2.prefab using Guid(d2cc32221f871c644931b477e1f19fb7) Importer(815301076,1909f56bfc062723c751e8b465ee728b)  -> (artifact id: '0cc1ab7de69da3b1902a782d457148af') in 0.023378 seconds 
========================================================================
Received Import Request.
  Time since last request: 0.000022 seconds.
  path: Assets/Imported Assets/Cartoon Castle Building Kit/Prefabs/Ground + Prefabs/Castle Ground + Dark 2x8.prefab
  artifactKey: Guid(5e0343e4d9160d24bab2a0e23189c68f) Importer(815301076,1909f56bfc062723c751e8b465ee728b)
Start importing Assets/Imported Assets/Cartoon Castle Building Kit/Prefabs/Ground + Prefabs/Castle Ground + Dark 2x8.prefab using Guid(5e0343e4d9160d24bab2a0e23189c68f) Importer(815301076,1909f56bfc062723c751e8b465ee728b)  -> (artifact id: '39626ef8682dc545c3ad732d95d0eaca') in 0.027574 seconds 
========================================================================
Received Import Request.
  Time since last request: 0.000031 seconds.
  path: Assets/Imported Assets/Cartoon Castle Building Kit/Prefabs/Ground + Prefabs/Castle Ground + Dark 4x8.prefab
  artifactKey: Guid(9eac2efb4821bb745855365963f93055) Importer(815301076,1909f56bfc062723c751e8b465ee728b)
Start importing Assets/Imported Assets/Cartoon Castle Building Kit/Prefabs/Ground + Prefabs/Castle Ground + Dark 4x8.prefab using Guid(9eac2efb4821bb745855365963f93055) Importer(815301076,1909f56bfc062723c751e8b465ee728b)  -> (artifact id: '48aa279233276540a5c3b490c58dec34') in 0.031734 seconds 
========================================================================
Received Import Request.
  Time since last request: 0.575867 seconds.
  path: Assets/Imported Assets/Cartoon Castle Building Kit/Prefabs/Gate Prefabs/Castle Gate 1.prefab
  artifactKey: Guid(91fa635da105d114a96ac2757abc3d7d) Importer(815301076,1909f56bfc062723c751e8b465ee728b)
Start importing Assets/Imported Assets/Cartoon Castle Building Kit/Prefabs/Gate Prefabs/Castle Gate 1.prefab using Guid(91fa635da105d114a96ac2757abc3d7d) Importer(815301076,1909f56bfc062723c751e8b465ee728b)  -> (artifact id: '67e091468e28f5c07c35df4aec31604b') in 0.019087 seconds 
========================================================================
Received Import Request.
  Time since last request: 0.000027 seconds.
  path: Assets/Imported Assets/Cartoon Castle Building Kit/Prefabs/Gate Prefabs/Castle Gate 3 Bars.prefab
  artifactKey: Guid(ea47b660fc0657546b77835432282de3) Importer(815301076,1909f56bfc062723c751e8b465ee728b)
Start importing Assets/Imported Assets/Cartoon Castle Building Kit/Prefabs/Gate Prefabs/Castle Gate 3 Bars.prefab using Guid(ea47b660fc0657546b77835432282de3) Importer(815301076,1909f56bfc062723c751e8b465ee728b)  -> (artifact id: '04a1991549616b04f8337779c5191525') in 0.029382 seconds 
========================================================================
Received Import Request.
  Time since last request: 0.000018 seconds.
  path: Assets/Imported Assets/Cartoon Castle Building Kit/Prefabs/Gate Prefabs/Castle Gate 4 Bars.prefab
  artifactKey: Guid(3b8fa5fcf08bd254e863563907995bfe) Importer(815301076,1909f56bfc062723c751e8b465ee728b)
Start importing Assets/Imported Assets/Cartoon Castle Building Kit/Prefabs/Gate Prefabs/Castle Gate 4 Bars.prefab using Guid(3b8fa5fcf08bd254e863563907995bfe) Importer(815301076,1909f56bfc062723c751e8b465ee728b)  -> (artifact id: '93ae21b925b9f8a7fe814431cfc03eac') in 0.022236 seconds 
========================================================================
Received Import Request.
  Time since last request: 0.000035 seconds.
  path: Assets/Imported Assets/Cartoon Castle Building Kit/Prefabs/Gate Prefabs/Iron Bars 1.prefab
  artifactKey: Guid(0606acd8c4e646044bd935960e102339) Importer(815301076,1909f56bfc062723c751e8b465ee728b)
Start importing Assets/Imported Assets/Cartoon Castle Building Kit/Prefabs/Gate Prefabs/Iron Bars 1.prefab using Guid(0606acd8c4e646044bd935960e102339) Importer(815301076,1909f56bfc062723c751e8b465ee728b)  -> (artifact id: '8acd1d665ceba360164e8715c9656542') in 0.022196 seconds 
========================================================================
Received Import Request.
  Time since last request: 0.000054 seconds.
  path: Assets/Imported Assets/Cartoon Castle Building Kit/Prefabs/Gate Prefabs/Castle Gate 2.prefab
  artifactKey: Guid(e7d4bd079d6e1df4090e2542f737385a) Importer(815301076,1909f56bfc062723c751e8b465ee728b)
Start importing Assets/Imported Assets/Cartoon Castle Building Kit/Prefabs/Gate Prefabs/Castle Gate 2.prefab using Guid(e7d4bd079d6e1df4090e2542f737385a) Importer(815301076,1909f56bfc062723c751e8b465ee728b)  -> (artifact id: '24114d16d8a84bff502f8cc4583d9601') in 0.022258 seconds 
========================================================================
Received Import Request.
  Time since last request: 0.000022 seconds.
  path: Assets/Imported Assets/Cartoon Castle Building Kit/Prefabs/Gate Prefabs/Castle Gate 5 Bars.prefab
  artifactKey: Guid(d4895ace8ebf3e042bb1866f3a136061) Importer(815301076,1909f56bfc062723c751e8b465ee728b)
Start importing Assets/Imported Assets/Cartoon Castle Building Kit/Prefabs/Gate Prefabs/Castle Gate 5 Bars.prefab using Guid(d4895ace8ebf3e042bb1866f3a136061) Importer(815301076,1909f56bfc062723c751e8b465ee728b)  -> (artifact id: 'bd7bb2b0da726e0e0b11a48c5cbd46b9') in 0.024702 seconds 
========================================================================
Received Import Request.
  Time since last request: 38.219426 seconds.
  path: Assets/Imported Assets/Cartoon Castle Building Kit/Textures/White 8x8.tga
  artifactKey: Guid(2a6d4e4cbdedd9f45a7bbc38052204f7) Importer(815301076,1909f56bfc062723c751e8b465ee728b)
Start importing Assets/Imported Assets/Cartoon Castle Building Kit/Textures/White 8x8.tga using Guid(2a6d4e4cbdedd9f45a7bbc38052204f7) Importer(815301076,1909f56bfc062723c751e8b465ee728b)  -> (artifact id: '3ab41172aa3caf4677f07355e5e111bf') in 0.035875 seconds 
Editor requested this worker to shutdown with reason: Scaling down because of idle timeout
AssetImportWorker is now disconnected from the server
Process exiting
Exiting without the bug reporter. Application will terminate with return code 0