Using pre-set license
Built from '2021.3/staging' branch; Version is '2021.3.15f1 (e8e88683f834) revision 15263878'; Using compiler version '192829333'; Build Type 'Release'
OS: 'Windows 10  (10.0.19044) 64bit Core' Language: 'en' Physical Memory: 16223 MB
BatchMode: 1, IsHumanControllingUs: 0, StartBugReporterOnCrash: 0, Is64bit: 1, IsPro: 1

COMMAND LINE ARGUMENTS:
C:\Program Files\Unity\Hub\Editor\2021.3.15f1\Editor\Unity.exe
-adb2
-batchMode
-noUpm
-name
AssetImportWorker9
-projectPath
C:/Users/wolfl/Desktop/TP_MP/TP_MP
-logFile
Logs/AssetImportWorker9.log
-srvPort
1033
Successfully changed project path to: C:/Users/wolfl/Desktop/TP_MP/TP_MP
C:/Users/wolfl/Desktop/TP_MP/TP_MP
[UnityMemory] Configuration Parameters - Can be set up in boot.config
    "memorysetup-bucket-allocator-granularity=16"
    "memorysetup-bucket-allocator-bucket-count=8"
    "memorysetup-bucket-allocator-block-size=33554432"
    "memorysetup-bucket-allocator-block-count=8"
    "memorysetup-main-allocator-block-size=16777216"
    "memorysetup-thread-allocator-block-size=16777216"
    "memorysetup-gfx-main-allocator-block-size=16777216"
    "memorysetup-gfx-thread-allocator-block-size=16777216"
    "memorysetup-cache-allocator-block-size=4194304"
    "memorysetup-typetree-allocator-block-size=2097152"
    "memorysetup-profiler-bucket-allocator-granularity=16"
    "memorysetup-profiler-bucket-allocator-bucket-count=8"
    "memorysetup-profiler-bucket-allocator-block-size=33554432"
    "memorysetup-profiler-bucket-allocator-block-count=8"
    "memorysetup-profiler-allocator-block-size=16777216"
    "memorysetup-profiler-editor-allocator-block-size=1048576"
    "memorysetup-temp-allocator-size-main=16777216"
    "memorysetup-job-temp-allocator-block-size=2097152"
    "memorysetup-job-temp-allocator-block-size-background=1048576"
    "memorysetup-job-temp-allocator-reduction-small-platforms=262144"
    "memorysetup-temp-allocator-size-background-worker=32768"
    "memorysetup-temp-allocator-size-job-worker=262144"
    "memorysetup-temp-allocator-size-preload-manager=33554432"
    "memorysetup-temp-allocator-size-nav-mesh-worker=65536"
    "memorysetup-temp-allocator-size-audio-worker=65536"
    "memorysetup-temp-allocator-size-cloud-worker=32768"
    "memorysetup-temp-allocator-size-gi-baking-worker=262144"
    "memorysetup-temp-allocator-size-gfx=262144"
Player connection [18612] Host "[IP] 192.168.56.1 [Port] 0 [Flags] 2 [Guid] 3225207910 [EditorId] 3225207910 [Version] 1048832 [Id] WindowsEditor(7,Starlinx) [Debug] 1 [PackageName] WindowsEditor [ProjectName] Editor" joined multi-casting on [225.0.0.222:54997]...

Player connection [18612] Host "[IP] 192.168.56.1 [Port] 0 [Flags] 2 [Guid] 3225207910 [EditorId] 3225207910 [Version] 1048832 [Id] WindowsEditor(7,Starlinx) [Debug] 1 [PackageName] WindowsEditor [ProjectName] Editor" joined alternative multi-casting on [225.0.0.222:34997]...

Refreshing native plugins compatible for Editor in 100.01 ms, found 3 plugins.
Preloading 0 native plugins for Editor in 0.00 ms.
Initialize engine version: 2021.3.15f1 (e8e88683f834)
[Subsystems] Discovering subsystems at path C:/Program Files/Unity/Hub/Editor/2021.3.15f1/Editor/Data/Resources/UnitySubsystems
[Subsystems] Discovering subsystems at path C:/Users/wolfl/Desktop/TP_MP/TP_MP/Assets
GfxDevice: creating device client; threaded=0; jobified=0
Direct3D:
    Version:  Direct3D 11.0 [level 11.1]
    Renderer: NVIDIA GeForce GTX 1660 Ti (ID=0x2191)
    Vendor:   NVIDIA
    VRAM:     5991 MB
    Driver:   30.0.14.9676
Initialize mono
Mono path[0] = 'C:/Program Files/Unity/Hub/Editor/2021.3.15f1/Editor/Data/Managed'
Mono path[1] = 'C:/Program Files/Unity/Hub/Editor/2021.3.15f1/Editor/Data/MonoBleedingEdge/lib/mono/unityjit-win32'
Mono config path = 'C:/Program Files/Unity/Hub/Editor/2021.3.15f1/Editor/Data/MonoBleedingEdge/etc'
Using monoOptions --debugger-agent=transport=dt_socket,embedding=1,server=y,suspend=n,address=127.0.0.1:56148
Begin MonoManager ReloadAssembly
Registering precompiled unity dll's ...
Register platform support module: C:/Program Files/Unity/Hub/Editor/2021.3.15f1/Editor/Data/PlaybackEngines/WindowsStandaloneSupport/UnityEditor.WindowsStandalone.Extensions.dll
Registered in 0.007363 seconds.
Native extension for WindowsStandalone target not found
Refreshing native plugins compatible for Editor in 86.65 ms, found 3 plugins.
Preloading 0 native plugins for Editor in 0.00 ms.
Mono: successfully reloaded assembly
- Completed reload, in  0.632 seconds
Domain Reload Profiling:
	ReloadAssembly (633ms)
		BeginReloadAssembly (76ms)
			ExecutionOrderSort (0ms)
			DisableScriptedObjects (0ms)
			BackupInstance (0ms)
			ReleaseScriptingObjects (0ms)
			CreateAndSetChildDomain (1ms)
		EndReloadAssembly (447ms)
			LoadAssemblies (73ms)
			RebuildTransferFunctionScriptingTraits (0ms)
			SetupTypeCache (100ms)
			ReleaseScriptCaches (0ms)
			RebuildScriptCaches (28ms)
			SetupLoadedEditorAssemblies (267ms)
				LogAssemblyErrors (0ms)
				InitializePlatformSupportModulesInManaged (7ms)
				SetLoadedEditorAssemblies (0ms)
				RefreshPlugins (87ms)
				BeforeProcessingInitializeOnLoad (1ms)
				ProcessInitializeOnLoadAttributes (120ms)
				ProcessInitializeOnLoadMethodAttributes (52ms)
				AfterProcessingInitializeOnLoad (0ms)
				EditorAssembliesLoaded (0ms)
			ExecutionOrderSort2 (0ms)
			AwakeInstancesAfterBackupRestoration (0ms)
Platform modules already initialized, skipping
Registering precompiled user dll's ...
Registered in 0.010943 seconds.
Begin MonoManager ReloadAssembly
Symbol file LoadedFromMemory doesn't match image C:\Users\wolfl\Desktop\TP_MP\TP_MP\Library\PackageCache\com.unity.visualscripting@1.8.0\Editor\VisualScripting.Core\Dependencies\YamlDotNet\Unity.VisualScripting.YamlDotNet.dll
Symbol file LoadedFromMemory doesn't match image C:\Users\wolfl\Desktop\TP_MP\TP_MP\Library\PackageCache\com.unity.visualscripting@1.8.0\Editor\VisualScripting.Core\Dependencies\DotNetZip\Unity.VisualScripting.IonicZip.dll
Native extension for WindowsStandalone target not found
Refreshing native plugins compatible for Editor in 92.65 ms, found 3 plugins.
Preloading 0 native plugins for Editor in 0.00 ms.
Mono: successfully reloaded assembly
- Completed reload, in  1.160 seconds
Domain Reload Profiling:
	ReloadAssembly (1160ms)
		BeginReloadAssembly (107ms)
			ExecutionOrderSort (0ms)
			DisableScriptedObjects (5ms)
			BackupInstance (0ms)
			ReleaseScriptingObjects (0ms)
			CreateAndSetChildDomain (18ms)
		EndReloadAssembly (935ms)
			LoadAssemblies (79ms)
			RebuildTransferFunctionScriptingTraits (0ms)
			SetupTypeCache (282ms)
			ReleaseScriptCaches (1ms)
			RebuildScriptCaches (52ms)
			SetupLoadedEditorAssemblies (482ms)
				LogAssemblyErrors (0ms)
				InitializePlatformSupportModulesInManaged (5ms)
				SetLoadedEditorAssemblies (0ms)
				RefreshPlugins (93ms)
				BeforeProcessingInitializeOnLoad (85ms)
				ProcessInitializeOnLoadAttributes (275ms)
				ProcessInitializeOnLoadMethodAttributes (15ms)
				AfterProcessingInitializeOnLoad (8ms)
				EditorAssembliesLoaded (0ms)
			ExecutionOrderSort2 (0ms)
			AwakeInstancesAfterBackupRestoration (6ms)
Platform modules already initialized, skipping
========================================================================
Worker process is ready to serve import requests
Launched and connected shader compiler UnityShaderCompiler.exe after 0.04 seconds
Refreshing native plugins compatible for Editor in 0.68 ms, found 3 plugins.
Preloading 0 native plugins for Editor in 0.00 ms.
Unloading 3567 Unused Serialized files (Serialized files now loaded: 0)
Unloading 34 unused Assets / (0.6 MB). Loaded Objects now: 4033.
Memory consumption went from 134.2 MB to 133.6 MB.
Total: 3.386400 ms (FindLiveObjects: 0.272300 ms CreateObjectMapping: 0.132400 ms MarkObjects: 2.682200 ms  DeleteObjects: 0.298700 ms)

AssetImportParameters requested are different than current active one (requested -> active):
  custom:video-decoder-ogg-theora: a1e56fd34408186e4bbccfd4996cb3dc -> 
  custom:container-muxer-webm: aa71ff27fc2769a1b78a27578f13a17b -> 
  custom:container-demuxer-webm: 4f35f7cbe854078d1ac9338744f61a02 -> 
  custom:video-encoder-webm-vp8: eb34c28f22e8b96e1ab97ce403110664 -> 
  custom:audio-encoder-webm-vorbis: bf7c407c2cedff20999df2af8eb42d56 -> 
  custom:framework-win-MediaFoundation: 216162199b28c13a410421893ffa2e32 -> 
  custom:container-demuxer-ogg: 62fdf1f143b41e24485cea50d1cbac27 -> 
  custom:video-decoder-webm-vp8: 9c59270c3fd7afecdb556c50c9e8de78 -> 
  custom:audio-decoder-ogg-vorbis: bf7c407c2cedff20999df2af8eb42d56 -> 
========================================================================
Received Import Request.
  Time since last request: 434507.970093 seconds.
  path: Assets/AdditionalRooms/--.prefab
  artifactKey: Guid(cc6ce88bccf781844bc732262b267a6f) Importer(815301076,1909f56bfc062723c751e8b465ee728b)
Start importing Assets/AdditionalRooms/--.prefab using Guid(cc6ce88bccf781844bc732262b267a6f) Importer(815301076,1909f56bfc062723c751e8b465ee728b)  -> (artifact id: 'df5a5739f38130ba498d0347375d116e') in 0.194303 seconds 
========================================================================
Received Prepare
Registering precompiled user dll's ...
Registered in 0.006994 seconds.
Begin MonoManager ReloadAssembly
Symbol file LoadedFromMemory doesn't match image C:\Users\wolfl\Desktop\TP_MP\TP_MP\Library\PackageCache\com.unity.visualscripting@1.8.0\Editor\VisualScripting.Core\Dependencies\YamlDotNet\Unity.VisualScripting.YamlDotNet.dll
Symbol file LoadedFromMemory doesn't match image C:\Users\wolfl\Desktop\TP_MP\TP_MP\Library\PackageCache\com.unity.visualscripting@1.8.0\Editor\VisualScripting.Core\Dependencies\DotNetZip\Unity.VisualScripting.IonicZip.dll
Native extension for WindowsStandalone target not found
Refreshing native plugins compatible for Editor in 0.76 ms, found 3 plugins.
Preloading 0 native plugins for Editor in 0.00 ms.
Mono: successfully reloaded assembly
- Completed reload, in  1.191 seconds
Domain Reload Profiling:
	ReloadAssembly (1192ms)
		BeginReloadAssembly (143ms)
			ExecutionOrderSort (0ms)
			DisableScriptedObjects (4ms)
			BackupInstance (0ms)
			ReleaseScriptingObjects (0ms)
			CreateAndSetChildDomain (41ms)
		EndReloadAssembly (949ms)
			LoadAssemblies (85ms)
			RebuildTransferFunctionScriptingTraits (0ms)
			SetupTypeCache (298ms)
			ReleaseScriptCaches (1ms)
			RebuildScriptCaches (50ms)
			SetupLoadedEditorAssemblies (443ms)
				LogAssemblyErrors (0ms)
				InitializePlatformSupportModulesInManaged (18ms)
				SetLoadedEditorAssemblies (1ms)
				RefreshPlugins (1ms)
				BeforeProcessingInitializeOnLoad (81ms)
				ProcessInitializeOnLoadAttributes (309ms)
				ProcessInitializeOnLoadMethodAttributes (23ms)
				AfterProcessingInitializeOnLoad (10ms)
				EditorAssembliesLoaded (0ms)
			ExecutionOrderSort2 (0ms)
			AwakeInstancesAfterBackupRestoration (10ms)
Platform modules already initialized, skipping
Refreshing native plugins compatible for Editor in 3.00 ms, found 3 plugins.
Preloading 0 native plugins for Editor in 0.00 ms.
Unloading 3536 Unused Serialized files (Serialized files now loaded: 0)
Unloading 26 unused Assets / (0.5 MB). Loaded Objects now: 4045.
Memory consumption went from 135.9 MB to 135.4 MB.
Total: 4.562100 ms (FindLiveObjects: 0.440700 ms CreateObjectMapping: 0.299200 ms MarkObjects: 3.388600 ms  DeleteObjects: 0.432300 ms)

AssetImportParameters requested are different than current active one (requested -> active):
  custom:video-decoder-ogg-theora: a1e56fd34408186e4bbccfd4996cb3dc -> 
  custom:container-muxer-webm: aa71ff27fc2769a1b78a27578f13a17b -> 
  custom:container-demuxer-webm: 4f35f7cbe854078d1ac9338744f61a02 -> 
  custom:video-encoder-webm-vp8: eb34c28f22e8b96e1ab97ce403110664 -> 
  custom:audio-encoder-webm-vorbis: bf7c407c2cedff20999df2af8eb42d56 -> 
  custom:framework-win-MediaFoundation: 216162199b28c13a410421893ffa2e32 -> 
  custom:container-demuxer-ogg: 62fdf1f143b41e24485cea50d1cbac27 -> 
  custom:video-decoder-webm-vp8: 9c59270c3fd7afecdb556c50c9e8de78 -> 
  custom:audio-decoder-ogg-vorbis: bf7c407c2cedff20999df2af8eb42d56 -> 
========================================================================
Received Prepare
Registering precompiled user dll's ...
Registered in 0.007673 seconds.
Begin MonoManager ReloadAssembly
Symbol file LoadedFromMemory doesn't match image C:\Users\wolfl\Desktop\TP_MP\TP_MP\Library\PackageCache\com.unity.visualscripting@1.8.0\Editor\VisualScripting.Core\Dependencies\YamlDotNet\Unity.VisualScripting.YamlDotNet.dll
Symbol file LoadedFromMemory doesn't match image C:\Users\wolfl\Desktop\TP_MP\TP_MP\Library\PackageCache\com.unity.visualscripting@1.8.0\Editor\VisualScripting.Core\Dependencies\DotNetZip\Unity.VisualScripting.IonicZip.dll
Native extension for WindowsStandalone target not found
Refreshing native plugins compatible for Editor in 2.16 ms, found 3 plugins.
Preloading 0 native plugins for Editor in 0.00 ms.
Mono: successfully reloaded assembly
- Completed reload, in  1.400 seconds
Domain Reload Profiling:
	ReloadAssembly (1400ms)
		BeginReloadAssembly (136ms)
			ExecutionOrderSort (0ms)
			DisableScriptedObjects (7ms)
			BackupInstance (0ms)
			ReleaseScriptingObjects (0ms)
			CreateAndSetChildDomain (36ms)
		EndReloadAssembly (1159ms)
			LoadAssemblies (92ms)
			RebuildTransferFunctionScriptingTraits (0ms)
			SetupTypeCache (431ms)
			ReleaseScriptCaches (2ms)
			RebuildScriptCaches (72ms)
			SetupLoadedEditorAssemblies (468ms)
				LogAssemblyErrors (0ms)
				InitializePlatformSupportModulesInManaged (19ms)
				SetLoadedEditorAssemblies (2ms)
				RefreshPlugins (2ms)
				BeforeProcessingInitializeOnLoad (80ms)
				ProcessInitializeOnLoadAttributes (328ms)
				ProcessInitializeOnLoadMethodAttributes (26ms)
				AfterProcessingInitializeOnLoad (12ms)
				EditorAssembliesLoaded (0ms)
			ExecutionOrderSort2 (0ms)
			AwakeInstancesAfterBackupRestoration (8ms)
Platform modules already initialized, skipping
Refreshing native plugins compatible for Editor in 3.40 ms, found 3 plugins.
Preloading 0 native plugins for Editor in 0.00 ms.
Unloading 3536 Unused Serialized files (Serialized files now loaded: 0)
Unloading 25 unused Assets / (0.5 MB). Loaded Objects now: 4048.
Memory consumption went from 135.9 MB to 135.4 MB.
Total: 3.430000 ms (FindLiveObjects: 0.257400 ms CreateObjectMapping: 0.165900 ms MarkObjects: 2.591200 ms  DeleteObjects: 0.414400 ms)

AssetImportParameters requested are different than current active one (requested -> active):
  custom:video-decoder-ogg-theora: a1e56fd34408186e4bbccfd4996cb3dc -> 
  custom:container-muxer-webm: aa71ff27fc2769a1b78a27578f13a17b -> 
  custom:container-demuxer-webm: 4f35f7cbe854078d1ac9338744f61a02 -> 
  custom:video-encoder-webm-vp8: eb34c28f22e8b96e1ab97ce403110664 -> 
  custom:audio-encoder-webm-vorbis: bf7c407c2cedff20999df2af8eb42d56 -> 
  custom:framework-win-MediaFoundation: 216162199b28c13a410421893ffa2e32 -> 
  custom:container-demuxer-ogg: 62fdf1f143b41e24485cea50d1cbac27 -> 
  custom:video-decoder-webm-vp8: 9c59270c3fd7afecdb556c50c9e8de78 -> 
  custom:audio-decoder-ogg-vorbis: bf7c407c2cedff20999df2af8eb42d56 -> 
========================================================================
Received Import Request.
  Time since last request: 5238.010155 seconds.
  path: Assets/Imported Assets/RPGMonsterBuddiesPBRPA/Animation/Mushroom/Mushroom_runFWDAngry.fbx
  artifactKey: Guid(3c4056711c7546cda076bc46f425f005) Importer(815301076,1909f56bfc062723c751e8b465ee728b)
Start importing Assets/Imported Assets/RPGMonsterBuddiesPBRPA/Animation/Mushroom/Mushroom_runFWDAngry.fbx using Guid(3c4056711c7546cda076bc46f425f005) Importer(815301076,1909f56bfc062723c751e8b465ee728b)  -> (artifact id: 'a2271fb694aff4d71009a7168b524215') in 0.184998 seconds 
========================================================================
Received Import Request.
  Time since last request: 0.000031 seconds.
  path: Assets/Imported Assets/RPGMonsterBuddiesPBRPA/Animation/Mushroom/Mushroom_DizzyAngry.fbx
  artifactKey: Guid(794ad7023a804808827dbb70edbd4686) Importer(815301076,1909f56bfc062723c751e8b465ee728b)
Start importing Assets/Imported Assets/RPGMonsterBuddiesPBRPA/Animation/Mushroom/Mushroom_DizzyAngry.fbx using Guid(794ad7023a804808827dbb70edbd4686) Importer(815301076,1909f56bfc062723c751e8b465ee728b)  -> (artifact id: '449070904a6491795091d6eeecfd3b11') in 0.040235 seconds 
========================================================================
Received Import Request.
  Time since last request: 0.000029 seconds.
  path: Assets/Imported Assets/RPGMonsterBuddiesPBRPA/Animation/Mushroom/Mushroom_walkRGTSmile.fbx
  artifactKey: Guid(9a314b58fbc147729e78897447a3ac01) Importer(815301076,1909f56bfc062723c751e8b465ee728b)
Start importing Assets/Imported Assets/RPGMonsterBuddiesPBRPA/Animation/Mushroom/Mushroom_walkRGTSmile.fbx using Guid(9a314b58fbc147729e78897447a3ac01) Importer(815301076,1909f56bfc062723c751e8b465ee728b)  -> (artifact id: 'ba20a8a5456d241ee1b02df736821eb7') in 0.036527 seconds 
========================================================================
Received Import Request.
  Time since last request: 0.000019 seconds.
  path: Assets/Imported Assets/RPGMonsterBuddiesPBRPA/Animation/Mushroom/Mushroom_IdleBattleAngry.fbx
  artifactKey: Guid(a40b48ebaacc4a16a1f2b2c594d3cea8) Importer(815301076,1909f56bfc062723c751e8b465ee728b)
Start importing Assets/Imported Assets/RPGMonsterBuddiesPBRPA/Animation/Mushroom/Mushroom_IdleBattleAngry.fbx using Guid(a40b48ebaacc4a16a1f2b2c594d3cea8) Importer(815301076,1909f56bfc062723c751e8b465ee728b)  -> (artifact id: '2710209ac043241c100d67e8fcaabf28') in 0.040908 seconds 
========================================================================
Received Import Request.
  Time since last request: 0.000060 seconds.
  path: Assets/Imported Assets/RPGMonsterBuddiesPBRPA/Animation/Mushroom/Mushroom_IdleNormalAngry.fbx
  artifactKey: Guid(0dd1e8c356ef4aa2836fe3fb1aaa9e9c) Importer(815301076,1909f56bfc062723c751e8b465ee728b)
Start importing Assets/Imported Assets/RPGMonsterBuddiesPBRPA/Animation/Mushroom/Mushroom_IdleNormalAngry.fbx using Guid(0dd1e8c356ef4aa2836fe3fb1aaa9e9c) Importer(815301076,1909f56bfc062723c751e8b465ee728b)  -> (artifact id: '36d119766a7c78521f8173841eabb469') in 0.035952 seconds 
========================================================================
Received Import Request.
  Time since last request: 0.000042 seconds.
  path: Assets/Imported Assets/RPGMonsterBuddiesPBRPA/Animation/Mushroom/Mushroom_DieAngry.fbx
  artifactKey: Guid(f0085118ccc344269042a6158acf7991) Importer(815301076,1909f56bfc062723c751e8b465ee728b)
Start importing Assets/Imported Assets/RPGMonsterBuddiesPBRPA/Animation/Mushroom/Mushroom_DieAngry.fbx using Guid(f0085118ccc344269042a6158acf7991) Importer(815301076,1909f56bfc062723c751e8b465ee728b)  -> (artifact id: 'f77359a170cb9be7b39d2a4bb9ed8819') in 0.038865 seconds 
========================================================================
Received Import Request.
  Time since last request: 0.000020 seconds.
  path: Assets/Imported Assets/RPGMonsterBuddiesPBRPA/Animation/Mushroom/Mushroom_TauntingAngry.fbx
  artifactKey: Guid(19d339b1707745e0a79453c2ad545162) Importer(815301076,1909f56bfc062723c751e8b465ee728b)
Start importing Assets/Imported Assets/RPGMonsterBuddiesPBRPA/Animation/Mushroom/Mushroom_TauntingAngry.fbx using Guid(19d339b1707745e0a79453c2ad545162) Importer(815301076,1909f56bfc062723c751e8b465ee728b)  -> (artifact id: '28dd7dd61be570b980f87c76857d6495') in 0.038693 seconds 
========================================================================
Received Import Request.
  Time since last request: 0.000025 seconds.
  path: Assets/Imported Assets/RPGMonsterBuddiesPBRPA/Animation/Mushroom/Mushroom_SenseSomethingStartSmile.fbx
  artifactKey: Guid(14b2c88a67a246e8a4f60e0c337130d1) Importer(815301076,1909f56bfc062723c751e8b465ee728b)
Start importing Assets/Imported Assets/RPGMonsterBuddiesPBRPA/Animation/Mushroom/Mushroom_SenseSomethingStartSmile.fbx using Guid(14b2c88a67a246e8a4f60e0c337130d1) Importer(815301076,1909f56bfc062723c751e8b465ee728b)  -> (artifact id: '22712fdf7842f7953b9adc8878eecdfb') in 0.034934 seconds 
========================================================================
Received Import Request.
  Time since last request: 0.000037 seconds.
  path: Assets/Imported Assets/RPGMonsterBuddiesPBRPA/Animation/Mushroom/Mushroom_SenseSomethingMaintainSmile.fbx
  artifactKey: Guid(1b4ac8682a594ec4bab19f08ab55fcbd) Importer(815301076,1909f56bfc062723c751e8b465ee728b)
Start importing Assets/Imported Assets/RPGMonsterBuddiesPBRPA/Animation/Mushroom/Mushroom_SenseSomethingMaintainSmile.fbx using Guid(1b4ac8682a594ec4bab19f08ab55fcbd) Importer(815301076,1909f56bfc062723c751e8b465ee728b)  -> (artifact id: 'a8ff94e16e6d5ef2f3b5934ac8d3a9d2') in 0.029195 seconds 
========================================================================
Received Import Request.
  Time since last request: 0.000021 seconds.
  path: Assets/Imported Assets/RPGMonsterBuddiesPBRPA/Animation/Mushroom/Mushroom_SenseSomethingStartAngry.fbx
  artifactKey: Guid(3d2020afd5114711895034bfc96e7748) Importer(815301076,1909f56bfc062723c751e8b465ee728b)
Start importing Assets/Imported Assets/RPGMonsterBuddiesPBRPA/Animation/Mushroom/Mushroom_SenseSomethingStartAngry.fbx using Guid(3d2020afd5114711895034bfc96e7748) Importer(815301076,1909f56bfc062723c751e8b465ee728b)  -> (artifact id: '679a7e5dff765bcd737d794757dcdae1') in 0.033094 seconds 
========================================================================
Received Import Request.
  Time since last request: 0.000020 seconds.
  path: Assets/Imported Assets/RPGMonsterBuddiesPBRPA/Animation/Mushroom/Mushroom_walkBWDAngry.fbx
  artifactKey: Guid(601d986acc95465b80e47e4d4401bbe6) Importer(815301076,1909f56bfc062723c751e8b465ee728b)
Start importing Assets/Imported Assets/RPGMonsterBuddiesPBRPA/Animation/Mushroom/Mushroom_walkBWDAngry.fbx using Guid(601d986acc95465b80e47e4d4401bbe6) Importer(815301076,1909f56bfc062723c751e8b465ee728b)  -> (artifact id: '1fe164028b9246594278af2086091aff') in 0.026407 seconds 
========================================================================
Received Import Request.
  Time since last request: 0.000023 seconds.
  path: Assets/Imported Assets/RPGMonsterBuddiesPBRPA/Animation/Mushroom/Mushroom_walkLFTAngry.fbx
  artifactKey: Guid(ab6f3c8edfa946f1ac462e22d2cbfbee) Importer(815301076,1909f56bfc062723c751e8b465ee728b)
Start importing Assets/Imported Assets/RPGMonsterBuddiesPBRPA/Animation/Mushroom/Mushroom_walkLFTAngry.fbx using Guid(ab6f3c8edfa946f1ac462e22d2cbfbee) Importer(815301076,1909f56bfc062723c751e8b465ee728b)  -> (artifact id: '54f15b32a0b9a79099802dcf8be80f7e') in 0.034309 seconds 
========================================================================
Received Import Request.
  Time since last request: 0.000027 seconds.
  path: Assets/Imported Assets/RPGMonsterBuddiesPBRPA/Animation/Mushroom/Mushroom_TauntingSmile.fbx
  artifactKey: Guid(a5866baccc1c4e7da8b5cd69f239542a) Importer(815301076,1909f56bfc062723c751e8b465ee728b)
Start importing Assets/Imported Assets/RPGMonsterBuddiesPBRPA/Animation/Mushroom/Mushroom_TauntingSmile.fbx using Guid(a5866baccc1c4e7da8b5cd69f239542a) Importer(815301076,1909f56bfc062723c751e8b465ee728b)  -> (artifact id: '45915defb83b9756fc36076857ace75d') in 0.034364 seconds 
========================================================================
Received Import Request.
  Time since last request: 0.000033 seconds.
  path: Assets/Imported Assets/RPGMonsterBuddiesPBRPA/Animation/Mushroom/Mushroom_VictorySmile.fbx
  artifactKey: Guid(8ccfc638f8ef4ae7bcee122c40db1184) Importer(815301076,1909f56bfc062723c751e8b465ee728b)
Start importing Assets/Imported Assets/RPGMonsterBuddiesPBRPA/Animation/Mushroom/Mushroom_VictorySmile.fbx using Guid(8ccfc638f8ef4ae7bcee122c40db1184) Importer(815301076,1909f56bfc062723c751e8b465ee728b)  -> (artifact id: '0743c42910702f498c5a311f8bf30dec') in 0.053330 seconds 
========================================================================
Received Import Request.
  Time since last request: 0.000039 seconds.
  path: Assets/Imported Assets/RPGMonsterBuddiesPBRPA/Animation/Mushroom/Mushroom_IdleBattleSmile.fbx
  artifactKey: Guid(f108f4bd5e61430c9eb03a14bdb0e880) Importer(815301076,1909f56bfc062723c751e8b465ee728b)
Start importing Assets/Imported Assets/RPGMonsterBuddiesPBRPA/Animation/Mushroom/Mushroom_IdleBattleSmile.fbx using Guid(f108f4bd5e61430c9eb03a14bdb0e880) Importer(815301076,1909f56bfc062723c751e8b465ee728b)  -> (artifact id: 'e00ac317ee344131c2fbe55f9b82d98d') in 0.033363 seconds 
========================================================================
Received Import Request.
  Time since last request: 0.000034 seconds.
  path: Assets/Imported Assets/RPGMonsterBuddiesPBRPA/Animation/Mushroom/Mushroom_Attack02Smile.fbx
  artifactKey: Guid(8bf4ec8fe2f7424885d58724f3e4e7ca) Importer(815301076,1909f56bfc062723c751e8b465ee728b)
Start importing Assets/Imported Assets/RPGMonsterBuddiesPBRPA/Animation/Mushroom/Mushroom_Attack02Smile.fbx using Guid(8bf4ec8fe2f7424885d58724f3e4e7ca) Importer(815301076,1909f56bfc062723c751e8b465ee728b)  -> (artifact id: 'a21c1e8f8d3b92d62496dc3a505283a4') in 0.032889 seconds 
========================================================================
Received Import Request.
  Time since last request: 0.000019 seconds.
  path: Assets/Imported Assets/RPGMonsterBuddiesPBRPA/Animation/Mushroom/Mushroom_Attack01Angry.fbx
  artifactKey: Guid(3afd084ecc3e4f56af5eeadd5792a379) Importer(815301076,1909f56bfc062723c751e8b465ee728b)
Start importing Assets/Imported Assets/RPGMonsterBuddiesPBRPA/Animation/Mushroom/Mushroom_Attack01Angry.fbx using Guid(3afd084ecc3e4f56af5eeadd5792a379) Importer(815301076,1909f56bfc062723c751e8b465ee728b)  -> (artifact id: '62ff5b2a460f1644ba511a2e513b5172') in 0.029081 seconds 
========================================================================
Received Import Request.
  Time since last request: 0.000028 seconds.
  path: Assets/Imported Assets/RPGMonsterBuddiesPBRPA/Animation/Mushroom/Mushroom_runFWDSmile.fbx
  artifactKey: Guid(38efb25f0375445791ea4b4351108675) Importer(815301076,1909f56bfc062723c751e8b465ee728b)
Start importing Assets/Imported Assets/RPGMonsterBuddiesPBRPA/Animation/Mushroom/Mushroom_runFWDSmile.fbx using Guid(38efb25f0375445791ea4b4351108675) Importer(815301076,1909f56bfc062723c751e8b465ee728b)  -> (artifact id: 'd55d26569d531177f3ab2a7c5d5523cd') in 0.030066 seconds 
========================================================================
Received Import Request.
  Time since last request: 0.000033 seconds.
  path: Assets/Imported Assets/RPGMonsterBuddiesPBRPA/Animation/Mushroom/Mushroom_VictoryAngry.fbx
  artifactKey: Guid(547f93bf97444b72b7af59c712fe0a83) Importer(815301076,1909f56bfc062723c751e8b465ee728b)
Start importing Assets/Imported Assets/RPGMonsterBuddiesPBRPA/Animation/Mushroom/Mushroom_VictoryAngry.fbx using Guid(547f93bf97444b72b7af59c712fe0a83) Importer(815301076,1909f56bfc062723c751e8b465ee728b)  -> (artifact id: '1907e2f02a0356d415502d2b9c72c0be') in 0.032694 seconds 
========================================================================
Received Import Request.
  Time since last request: 0.000040 seconds.
  path: Assets/Imported Assets/RPGMonsterBuddiesPBRPA/Animation/Mushroom/Mushroom_Attack03Angry.fbx
  artifactKey: Guid(b22f9fe863254a81a70d5fefc94ffaf3) Importer(815301076,1909f56bfc062723c751e8b465ee728b)
Start importing Assets/Imported Assets/RPGMonsterBuddiesPBRPA/Animation/Mushroom/Mushroom_Attack03Angry.fbx using Guid(b22f9fe863254a81a70d5fefc94ffaf3) Importer(815301076,1909f56bfc062723c751e8b465ee728b)  -> (artifact id: '7183faecec46cc2c2501bd6c53d79f9f') in 0.027497 seconds 
Editor requested this worker to shutdown with reason: Scaling down because of idle timeout
AssetImportWorker is now disconnected from the server
Process exiting
Exiting without the bug reporter. Application will terminate with return code 0